2020-11-29T09:43:51.1174617+05:30;VSTestExecutionThread;Info;SpecFlow+Runner execution started
2020-11-29T09:43:51.1184617+05:30;VSTestExecutionThread;Info;SpecFlow+Runner 3.5.8 in Framework clr40 in x86 mode execution started
2020-11-29T09:43:51.1184617+05:30;VSTestExecutionThread;Info;TestAdapter Location: C:\Users\gnaneshwar.kondapaka\Desktop\Assignments\ClassLibraryDotNetFrameWorkSolution\packages\SpecRun.Runner.3.5.8\tools\net461\TechTalk.SpecRun.VisualStudio.TestAdapter.dll
2020-11-29T09:43:51.1184617+05:30;VSTestExecutionThread;Info;Current UserName: 'gnaneshwar.kondapaka', MachineName: 'GGK-UPL-DEV-FC'
2020-11-29T09:43:51.2024681+05:30;VSTestExecutionThread;Info;SpecRun: running tests in C:\Users\gnaneshwar.kondapaka\Desktop\Assignments\ClassLibraryDotNetFrameWorkSolution\ClassLibraryDotNetFrameWork\bin\Debug\ClassLibraryDotNetFrameWork.dll
2020-11-29T09:43:51.2034677+05:30;VSTestExecutionThread;Info;Output folder configured to "C:\Users\gnaneshwar.kondapaka\Desktop\Assignments\ClassLibraryDotNetFrameWorkSolution\TestResults" (default)
2020-11-29T09:43:51.2034677+05:30;VSTestExecutionThread;Info;Profile: 
2020-11-29T09:43:51.2744722+05:30;VSTestExecutionThread;Info;Log file path: C:\Users\gnaneshwar.kondapaka\Desktop\Assignments\ClassLibraryDotNetFrameWorkSolution\TestResults\Unnamed project__2020-11-29T094351.log
2020-11-29T09:43:51.2834730+05:30;Thread#12;Info;Checking activation
2020-11-29T09:43:51.3814792+05:30;Thread#12;Info;Activated.
2020-11-29T09:43:51.3824788+05:30;Thread#12;Info;Activation check completed
2020-11-29T09:43:51.3824788+05:30;Thread#12;Info;Starting test run
2020-11-29T09:43:51.4404831+05:30;Thread#12;Info;Discovering target: Default
2020-11-29T09:43:51.4404831+05:30;Thread#12;Info;Discovering tests from assembly: C:\Users\gnaneshwar.kondapaka\Desktop\Assignments\ClassLibraryDotNetFrameWorkSolution\ClassLibraryDotNetFrameWork\bin\Debug\ClassLibraryDotNetFrameWork.dll
2020-11-29T09:43:52.0445192+05:30;Thread#12;Info;Discovered tests from assembly: C:\Users\gnaneshwar.kondapaka\Desktop\Assignments\ClassLibraryDotNetFrameWorkSolution\ClassLibraryDotNetFrameWork\bin\Debug\ClassLibraryDotNetFrameWork.dll
2020-11-29T09:43:52.0465216+05:30:Test Suite Dump
2020-11-29T09:43:52.0485221+05:30:#0: Unnamed project/ - 
2020-11-29T09:43:52.0485221+05:30:#1: Default - 
2020-11-29T09:43:52.0485221+05:30:#2: ClassLibraryDotNetFrameWork - 
2020-11-29T09:43:52.0485221+05:30:#11: Login - 
2020-11-29T09:43:52.1225262+05:30:#12: Logging in with valid credentials - TestAssembly:ClassLibraryDotNetFrameWork/Feature:Login/Scenario:Logging+in+with+valid+credentials
2020-11-29T09:43:52.1225262+05:30:#13: Logging in with Invalid credentials - TestAssembly:ClassLibraryDotNetFrameWork/Feature:Login/Scenario:Logging+in+with+Invalid+credentials
2020-11-29T09:43:52.1225262+05:30:End: Test Suite Dump
2020-11-29T09:43:52.1565283+05:30:Thread#0:Scheduler: get next test for thread 0
2020-11-29T09:43:52.1585293+05:30:Thread#:Scheduler: testitem #12 from normal test queue 
2020-11-29T09:43:52.1585293+05:30:Thread#0:Scheduler: considering testitem #12 for thread 0
2020-11-29T09:43:52.1635291+05:30:Thread#0:TestItem#12:testItemMatchesCurrentTestThread:UnSpecific
2020-11-29T09:43:52.1635291+05:30:Thread#0:TestItem#12:runsOnOneOtherThreadSpecific:False
2020-11-29T09:43:52.1635291+05:30:Thread#0:TestItem#12:runsOnOneOtherThreadUnspecific:False
2020-11-29T09:43:52.1635291+05:30:Thread#0:Scheduler: using testitem #12 for thread 0
2020-11-29T09:43:52.1685294+05:30:Thread#0:Scheduler: Test #12 is scheduled for thread
2020-11-29T09:43:52.1695294+05:30:Thread#0:Scheduler: with testItemExecutionIndex 0
2020-11-29T09:43:52.1725296+05:30:Thread #0: creating new test thread executor for ClassLibraryDotNetFrameWork, Version=1.0.0.0, Culture=neutral, PublicKeyToken=null (target: Default)
2020-11-29T09:43:52.1745292+05:30:Thread #0: Creating test assembly executor for execution model AppDomain
2020-11-29T09:43:52.2245326+05:30:Thread #0: Creating test assembly executor for execution model AppDomain
2020-11-29T09:43:52.2255335+05:30:Thread #0: using TechTalk.SpecRun.Framework.Execution.InProcess.InProcAppDomainTestAssemblyExecutorHost to execute tests
2020-11-29T09:43:54.8686997+05:30:Thread#0:T:-> Loading plugin C:\Users\gnaneshwar.kondapaka\Desktop\Assignments\ClassLibraryDotNetFrameWorkSolution\ClassLibraryDotNetFrameWork\bin\Debug\SpecRun.Runtime.SpecFlowPlugin.dll
2020-11-29T09:43:55.2537277+05:30:Thread#0:T:-> Using default config
2020-11-29T09:43:56.1127819+05:30:Thread#0:T:-> error: The binding methods for before/after feature and before/after test run events must be static! ClassLibraryDotNetFrameWork:Hooks.Hooks.BeforeScenario()
2020-11-29T09:43:56.9368347+05:30:test thread #0 error: System.Runtime.Serialization.SerializationException: Unable to find assembly 'TechTalk.SpecFlow, Version=3.5.0.0, Culture=neutral, PublicKeyToken=0778194805d6db41'.

Server stack trace: 
   at System.Runtime.Serialization.Formatters.Binary.BinaryAssemblyInfo.GetAssembly()
   at System.Runtime.Serialization.Formatters.Binary.ObjectReader.GetType(BinaryAssemblyInfo assemblyInfo, String name)
   at System.Runtime.Serialization.Formatters.Binary.ObjectMap..ctor(String objectName, String[] memberNames, BinaryTypeEnum[] binaryTypeEnumA, Object[] typeInformationA, Int32[] memberAssemIds, ObjectReader objectReader, Int32 objectId, BinaryAssemblyInfo assemblyInfo, SizedArray assemIdToAssemblyTable)
   at System.Runtime.Serialization.Formatters.Binary.__BinaryParser.ReadObjectWithMapTyped(BinaryObjectWithMapTyped record)
   at System.Runtime.Serialization.Formatters.Binary.__BinaryParser.ReadObjectWithMapTyped(BinaryHeaderEnum binaryHeaderEnum)
   at System.Runtime.Serialization.Formatters.Binary.__BinaryParser.Run()
   at System.Runtime.Serialization.Formatters.Binary.ObjectReader.Deserialize(HeaderHandler handler, __BinaryParser serParser, Boolean fCheck, Boolean isCrossAppDomain, IMethodCallMessage methodCallMessage)
   at System.Runtime.Serialization.Formatters.Binary.BinaryFormatter.Deserialize(Stream serializationStream, HeaderHandler handler, Boolean fCheck, Boolean isCrossAppDomain, IMethodCallMessage methodCallMessage)
   at System.Runtime.Remoting.Channels.CrossAppDomainSerializer.DeserializeObject(MemoryStream stm)
   at System.Runtime.Remoting.Messaging.SmuggledMethodReturnMessage.FixupForNewAppDomain()
   at System.Runtime.Remoting.Channels.CrossAppDomainSink.SyncProcessMessage(IMessage reqMsg)

Exception rethrown at [0]: 
   at System.Runtime.Remoting.Proxies.RealProxy.HandleReturnMessage(IMessage reqMsg, IMessage retMsg)
   at System.Runtime.Remoting.Proxies.RealProxy.PrivateInvoke(MessageData& msgData, Int32 type)
   at TechTalk.SpecRun.Framework.ITestAssemblyExecutor.RunTests(TestThreadState testThreadState)
   at TechTalk.SpecRun.Framework.Execution.InProcess.InProcAppDomainTestAssemblyExecutorHost.RunTests(TestThreadState testThreadState)
   at TechTalk.SpecRun.Framework.TestThread.RunNonEmptyTestSuite(CancellationToken cancellationToken, TestThreadState testThreadState)
   at TechTalk.SpecRun.Framework.TestThread.Run(ITestExecutionManager executionManagerForRun, CancellationToken cancellationToken)
   at TechTalk.SpecRun.Framework.AsyncTestThreadRunner.RunSync(TestExecutionManager executionManager, CancellationToken cancellationToken)
2020-11-29T09:43:56.9378348+05:30:test thread error: TechTalk.SpecRun.Framework.SpecRunException: At least one test thread aborted. ---> System.Runtime.Serialization.SerializationException: Unable to find assembly 'TechTalk.SpecFlow, Version=3.5.0.0, Culture=neutral, PublicKeyToken=0778194805d6db41'.

Server stack trace: 
   at System.Runtime.Serialization.Formatters.Binary.BinaryAssemblyInfo.GetAssembly()
   at System.Runtime.Serialization.Formatters.Binary.ObjectReader.GetType(BinaryAssemblyInfo assemblyInfo, String name)
   at System.Runtime.Serialization.Formatters.Binary.ObjectMap..ctor(String objectName, String[] memberNames, BinaryTypeEnum[] binaryTypeEnumA, Object[] typeInformationA, Int32[] memberAssemIds, ObjectReader objectReader, Int32 objectId, BinaryAssemblyInfo assemblyInfo, SizedArray assemIdToAssemblyTable)
   at System.Runtime.Serialization.Formatters.Binary.__BinaryParser.ReadObjectWithMapTyped(BinaryObjectWithMapTyped record)
   at System.Runtime.Serialization.Formatters.Binary.__BinaryParser.ReadObjectWithMapTyped(BinaryHeaderEnum binaryHeaderEnum)
   at System.Runtime.Serialization.Formatters.Binary.__BinaryParser.Run()
   at System.Runtime.Serialization.Formatters.Binary.ObjectReader.Deserialize(HeaderHandler handler, __BinaryParser serParser, Boolean fCheck, Boolean isCrossAppDomain, IMethodCallMessage methodCallMessage)
   at System.Runtime.Serialization.Formatters.Binary.BinaryFormatter.Deserialize(Stream serializationStream, HeaderHandler handler, Boolean fCheck, Boolean isCrossAppDomain, IMethodCallMessage methodCallMessage)
   at System.Runtime.Remoting.Channels.CrossAppDomainSerializer.DeserializeObject(MemoryStream stm)
   at System.Runtime.Remoting.Messaging.SmuggledMethodReturnMessage.FixupForNewAppDomain()
   at System.Runtime.Remoting.Channels.CrossAppDomainSink.SyncProcessMessage(IMessage reqMsg)

Exception rethrown at [0]: 
   at System.Runtime.Remoting.Proxies.RealProxy.HandleReturnMessage(IMessage reqMsg, IMessage retMsg)
   at System.Runtime.Remoting.Proxies.RealProxy.PrivateInvoke(MessageData& msgData, Int32 type)
   at TechTalk.SpecRun.Framework.ITestAssemblyExecutor.RunTests(TestThreadState testThreadState)
   at TechTalk.SpecRun.Framework.Execution.InProcess.InProcAppDomainTestAssemblyExecutorHost.RunTests(TestThreadState testThreadState)
   at TechTalk.SpecRun.Framework.TestThread.RunNonEmptyTestSuite(CancellationToken cancellationToken, TestThreadState testThreadState)
   at TechTalk.SpecRun.Framework.TestThread.Run(ITestExecutionManager executionManagerForRun, CancellationToken cancellationToken)
   at TechTalk.SpecRun.Framework.AsyncTestThreadRunner.RunSync(TestExecutionManager executionManager, CancellationToken cancellationToken)
   --- End of inner exception stack trace ---
2020-11-29T09:43:56.9388348+05:30:Trying to cancel thread
2020-11-29T09:43:56.9388348+05:30:Thread cancelled
2020-11-29T09:43:56.9488358+05:30:Thread#-1: Test #12/0 is started on thread #-1
2020-11-29T09:43:56.9508359+05:30:Thread#-1: Test #12/0 is finished on thread #-1 as Skipped within 0.001 seconds
2020-11-29T09:43:56.9858380+05:30:Thread#-1:Scheduler: get next test for thread -1
2020-11-29T09:43:56.9858380+05:30:Thread#:Scheduler: testitem #13 from normal test queue 
2020-11-29T09:43:56.9858380+05:30:Thread#-1:Scheduler: considering testitem #13 for thread -1
2020-11-29T09:43:56.9858380+05:30:Thread#-1:Scheduler: using testitem #13 for thread -1
2020-11-29T09:43:56.9858380+05:30:Thread#-1:Scheduler: Test #13 is scheduled for thread
2020-11-29T09:43:56.9858380+05:30:Thread#-1: Test #13/0 is started on thread #-1
2020-11-29T09:43:56.9858380+05:30:Thread#-1: Test #13/0 is finished on thread #-1 as Skipped within 0 seconds
2020-11-29T09:43:56.9998387+05:30:Thread#-1:Scheduler: get next test for thread -1
2020-11-29T09:43:56.9998387+05:30:Thread#:Scheduler: at the end of normal test queue
2020-11-29T09:43:56.9998387+05:30:Thread#-1:Scheduler: enumerator for thread is at end
2020-11-29T09:43:57.0058386+05:30;Thread#12;Info;test run finished
2020-11-29T09:43:57.0058386+05:30;Thread#12;Info;publishing test results
2020-11-29T09:43:57.1728500+05:30;Thread#12;Info;test results published
2020-11-29T09:43:57.1748505+05:30;Thread#12;Info;generating reports
2020-11-29T09:43:57.3358603+05:30;Thread#12;Info;Starting external report generation process
2020-11-29T09:44:17.8843466+05:30;Thread#12;Info;Successfully generated reports.
2020-11-29T09:44:17.8923479+05:30;Thread#12;Info;Successfully generated reports
2020-11-29T09:44:17.9073487+05:30:Total: 2
2020-11-29T09:44:17.9093488+05:30:Succeeded: 0
2020-11-29T09:44:17.9093488+05:30:Ignored: 0
2020-11-29T09:44:17.9103493+05:30:Pending: 0
2020-11-29T09:44:17.9103493+05:30:Skipped: 2
2020-11-29T09:44:17.9113489+05:30:Failed: 0
2020-11-29T09:44:17.9153499+05:30;VSTestExecutionThread;Info;Adding attachments to VSTest
2020-11-29T09:44:17.9153499+05:30;VSTestExecutionThread;Info;adding Test Execution Report 'C:\Users\gnaneshwar.kondapaka\Desktop\Assignments\ClassLibraryDotNetFrameWorkSolution\TestResults\Unnamed project__2020-11-29T094351.html'
