2020-11-30T14:44:45.8082360+05:30;VSTestExecutionThread;Info;SpecFlow+Runner execution started
2020-11-30T14:44:45.8082360+05:30;VSTestExecutionThread;Info;SpecFlow+Runner 3.5.8 in Framework clr40 in x86 mode execution started
2020-11-30T14:44:45.8082360+05:30;VSTestExecutionThread;Info;TestAdapter Location: C:\Users\gnaneshwar.kondapaka\Desktop\Assignments\ClassLibraryDotNetFrameWorkSolution\packages\SpecRun.Runner.3.5.8\tools\net461\TechTalk.SpecRun.VisualStudio.TestAdapter.dll
2020-11-30T14:44:45.8082360+05:30;VSTestExecutionThread;Info;Current UserName: 'gnaneshwar.kondapaka', MachineName: 'GGK-UPL-DEV-FC'
2020-11-30T14:44:45.9512456+05:30;VSTestExecutionThread;Info;SpecRun: running tests in C:\Users\gnaneshwar.kondapaka\Desktop\Assignments\ClassLibraryDotNetFrameWorkSolution\ClassLibraryDotNetFrameWork\bin\Debug\ClassLibraryDotNetFrameWork.dll
2020-11-30T14:44:45.9522448+05:30;VSTestExecutionThread;Info;Output folder configured to "C:\Users\gnaneshwar.kondapaka\Desktop\Assignments\ClassLibraryDotNetFrameWorkSolution\TestResults" (default)
2020-11-30T14:44:45.9522448+05:30;VSTestExecutionThread;Info;Profile: 
2020-11-30T14:44:46.0492503+05:30;VSTestExecutionThread;Info;Log file path: C:\Users\gnaneshwar.kondapaka\Desktop\Assignments\ClassLibraryDotNetFrameWorkSolution\TestResults\Unnamed project__2020-11-30T144445.log
2020-11-30T14:44:46.0612513+05:30;Thread#11;Info;Checking activation
2020-11-30T14:44:46.1862584+05:30;Thread#11;Info;Activated.
2020-11-30T14:44:46.1872584+05:30;Thread#11;Info;Activation check completed
2020-11-30T14:44:46.1912591+05:30;Thread#11;Info;Starting test run
2020-11-30T14:44:46.2752635+05:30;Thread#11;Info;Discovering target: Default
2020-11-30T14:44:46.2752635+05:30;Thread#11;Info;Discovering tests from assembly: C:\Users\gnaneshwar.kondapaka\Desktop\Assignments\ClassLibraryDotNetFrameWorkSolution\ClassLibraryDotNetFrameWork\bin\Debug\ClassLibraryDotNetFrameWork.dll
2020-11-30T14:44:46.9293035+05:30;Thread#11;Info;Discovered tests from assembly: C:\Users\gnaneshwar.kondapaka\Desktop\Assignments\ClassLibraryDotNetFrameWorkSolution\ClassLibraryDotNetFrameWork\bin\Debug\ClassLibraryDotNetFrameWork.dll
2020-11-30T14:44:46.9313049+05:30:Test Suite Dump
2020-11-30T14:44:46.9333033+05:30:#0: Unnamed project/ - 
2020-11-30T14:44:46.9343051+05:30:#1: Default - 
2020-11-30T14:44:46.9343051+05:30:#2: ClassLibraryDotNetFrameWork - 
2020-11-30T14:44:46.9343051+05:30:#11: Login - 
2020-11-30T14:44:47.1263173+05:30:#13: Logging in with Invalid credentials - TestAssembly:ClassLibraryDotNetFrameWork/Feature:Login/Scenario:Logging+in+with+Invalid+credentials
2020-11-30T14:44:47.1263173+05:30:End: Test Suite Dump
2020-11-30T14:44:47.1893217+05:30:Thread#0:Scheduler: get next test for thread 0
2020-11-30T14:44:47.1923219+05:30:Thread#:Scheduler: testitem #13 from normal test queue 
2020-11-30T14:44:47.1923219+05:30:Thread#0:Scheduler: considering testitem #13 for thread 0
2020-11-30T14:44:47.1973212+05:30:Thread#0:TestItem#13:testItemMatchesCurrentTestThread:UnSpecific
2020-11-30T14:44:47.1973212+05:30:Thread#0:TestItem#13:runsOnOneOtherThreadSpecific:False
2020-11-30T14:44:47.1973212+05:30:Thread#0:TestItem#13:runsOnOneOtherThreadUnspecific:False
2020-11-30T14:44:47.1973212+05:30:Thread#0:Scheduler: using testitem #13 for thread 0
2020-11-30T14:44:47.2013232+05:30:Thread#0:Scheduler: Test #13 is scheduled for thread
2020-11-30T14:44:47.2023224+05:30:Thread#0:Scheduler: with testItemExecutionIndex 0
2020-11-30T14:44:47.2063226+05:30:Thread #0: creating new test thread executor for ClassLibraryDotNetFrameWork, Version=1.0.0.0, Culture=neutral, PublicKeyToken=null (target: Default)
2020-11-30T14:44:47.2093227+05:30:Thread #0: Creating test assembly executor for execution model AppDomain
2020-11-30T14:44:47.2183232+05:30:Thread #0: Creating test assembly executor for execution model AppDomain
2020-11-30T14:44:47.2203237+05:30:Thread #0: using TechTalk.SpecRun.Framework.Execution.InProcess.InProcAppDomainTestAssemblyExecutorHost to execute tests
2020-11-30T14:44:47.9423706+05:30:Thread#0:T:-> Loading plugin C:\Users\gnaneshwar.kondapaka\Desktop\Assignments\ClassLibraryDotNetFrameWorkSolution\ClassLibraryDotNetFrameWork\bin\Debug\SpecRun.Runtime.SpecFlowPlugin.dll
2020-11-30T14:44:47.9563704+05:30:Thread#0:T:-> Using default config
2020-11-30T14:44:49.5634732+05:30:Thread#0: Test #13/0 is started on thread #0
2020-11-30T14:44:49.6104760+05:30:Thread#0:B:Given Browser is launced
2020-11-30T14:44:57.2709626+05:30:Thread#0:T:done: LoginSteps.GivenBrowserIsLaunced() (7.6s)
2020-11-30T14:44:57.2739614+05:30:Thread#0:B:And Navigated to QualityPoint Application
2020-11-30T14:45:08.6159038+05:30:Thread#0:T:done: LoginSteps.GivenNavigatedToQualityPointApplication() (11.3s)
2020-11-30T14:45:08.6239051+05:30:Thread#0:B:When Enter "InCorrectUserr" in UserName field and "InCorrectPassword" in Password field
2020-11-30T14:45:16.2633818+05:30:Thread#0:T:error:   Exception while Entering username and password, Exception : System.NullReferenceException: Object reference not set to an instance of an object.
2020-11-30T14:45:16.2673824+05:30:Thread#0:T:   at StepDefinations.LoginSteps.WhenIEnterInUserNameAndInPassword(String userName, String passWord) in C:\Users\gnaneshwar.kondapaka\Desktop\Assignments\ClassLibraryDotNetFrameWorkSolution\ClassLibraryDotNetFrameWork\StepDefinations\LoginSteps.cs:line 76
2020-11-30T14:45:16.2773824+05:30:Thread#0:T:  Expected: True
2020-11-30T14:45:16.2813839+05:30:Thread#0:T:  But was:  False
2020-11-30T14:45:16.3183846+05:30:Thread#0:B:And Click on login button
2020-11-30T14:45:16.3243857+05:30:Thread#0:T:skipped because of previous errors
2020-11-30T14:45:16.3383845+05:30:Thread#0:B:Then "LoginFailedMessage" error message should be displayed in Login Page
2020-11-30T14:45:16.3423865+05:30:Thread#0:T:skipped because of previous errors
2020-11-30T14:45:16.3463867+05:30:Thread#0:B:And Close the Application
2020-11-30T14:45:16.3503873+05:30:Thread#0:T:skipped because of previous errors
2020-11-30T14:45:16.3783880+05:30:Thread#0:TestItem#13:Scheduler: reschedule tests for testitem #13
2020-11-30T14:45:16.3833883+05:30:Thread#0:Scheduler: get next test for thread 0
2020-11-30T14:45:16.3833883+05:30:Thread#:Scheduler: dequeuing a rescheduled testitem: #13
2020-11-30T14:45:16.3833883+05:30:Thread#0:Scheduler: considering testitem #13 for thread 0
2020-11-30T14:45:16.3833883+05:30:Thread#0:TestItem#13:testItemMatchesCurrentTestThread:UnSpecific
2020-11-30T14:45:16.3833883+05:30:Thread#0:TestItem#13:runsOnOneOtherThreadSpecific:False
2020-11-30T14:45:16.3833883+05:30:Thread#0:TestItem#13:runsOnOneOtherThreadUnspecific:False
2020-11-30T14:45:16.3833883+05:30:Thread#0:Scheduler: using testitem #13 for thread 0
2020-11-30T14:45:16.3833883+05:30:Thread#0:Scheduler: Test #13 is scheduled for thread
2020-11-30T14:45:16.3833883+05:30:Thread#0:Scheduler: with testItemExecutionIndex 1
2020-11-30T14:45:16.4113899+05:30:Thread#0: Test #13/0 is finished on thread #0 as Failed within 26.8479167 seconds
2020-11-30T14:45:16.4183907+05:30:Thread#0: Test #13/1 is started on thread #0
2020-11-30T14:45:16.4243909+05:30:Thread#0:B:Given Browser is launced
2020-11-30T14:45:21.4597073+05:30:Thread#0:T:done: LoginSteps.GivenBrowserIsLaunced() (5.0s)
2020-11-30T14:45:21.4637079+05:30:Thread#0:B:And Navigated to QualityPoint Application
2020-11-30T14:45:25.4570717+05:30:Thread#0:T:done: LoginSteps.GivenNavigatedToQualityPointApplication() (4.0s)
2020-11-30T14:45:25.4650721+05:30:Thread#0:B:When Enter "InCorrectUserr" in UserName field and "InCorrectPassword" in Password field
2020-11-30T14:45:27.6512043+05:30:Thread#0:T:error: Multiple failures or warnings in test:
2020-11-30T14:45:27.6552040+05:30:Thread#0:T:  1)   Exception while Entering username and password, Exception : System.NullReferenceException: Object reference not set to an instance of an object.
2020-11-30T14:45:27.6632044+05:30:Thread#0:T:   at StepDefinations.LoginSteps.WhenIEnterInUserNameAndInPassword(String userName, String passWord) in C:\Users\gnaneshwar.kondapaka\Desktop\Assignments\ClassLibraryDotNetFrameWorkSolution\ClassLibraryDotNetFrameWork\StepDefinations\LoginSteps.cs:line 76
2020-11-30T14:45:27.6672054+05:30:Thread#0:T:  Expected: True
2020-11-30T14:45:27.6712056+05:30:Thread#0:T:  But was:  False
2020-11-30T14:45:27.6742044+05:30:Thread#0:T:  2)   Exception while Entering username and password, Exception : System.NullReferenceException: Object reference not set to an instance of an object.
2020-11-30T14:45:27.6782055+05:30:Thread#0:T:   at StepDefinations.LoginSteps.WhenIEnterInUserNameAndInPassword(String userName, String passWord) in C:\Users\gnaneshwar.kondapaka\Desktop\Assignments\ClassLibraryDotNetFrameWorkSolution\ClassLibraryDotNetFrameWork\StepDefinations\LoginSteps.cs:line 76
2020-11-30T14:45:27.6822061+05:30:Thread#0:T:  Expected: True
2020-11-30T14:45:27.6852049+05:30:Thread#0:T:  But was:  False
2020-11-30T14:45:27.6952062+05:30:Thread#0:B:And Click on login button
2020-11-30T14:45:27.6992068+05:30:Thread#0:T:skipped because of previous errors
2020-11-30T14:45:27.7032074+05:30:Thread#0:B:Then "LoginFailedMessage" error message should be displayed in Login Page
2020-11-30T14:45:27.7062062+05:30:Thread#0:T:skipped because of previous errors
2020-11-30T14:45:27.7102073+05:30:Thread#0:B:And Close the Application
2020-11-30T14:45:27.7142074+05:30:Thread#0:T:skipped because of previous errors
2020-11-30T14:45:27.7262075+05:30:Thread#0:Scheduler: get next test for thread 0
2020-11-30T14:45:27.7262075+05:30:Thread#:Scheduler: dequeuing a rescheduled testitem: #13
2020-11-30T14:45:27.7262075+05:30:Thread#0:Scheduler: considering testitem #13 for thread 0
2020-11-30T14:45:27.7262075+05:30:Thread#0:TestItem#13:testItemMatchesCurrentTestThread:UnSpecific
2020-11-30T14:45:27.7262075+05:30:Thread#0:TestItem#13:runsOnOneOtherThreadSpecific:False
2020-11-30T14:45:27.7262075+05:30:Thread#0:TestItem#13:runsOnOneOtherThreadUnspecific:False
2020-11-30T14:45:27.7262075+05:30:Thread#0:Scheduler: using testitem #13 for thread 0
2020-11-30T14:45:27.7262075+05:30:Thread#0:Scheduler: Test #13 is scheduled for thread
2020-11-30T14:45:27.7262075+05:30:Thread#0:Scheduler: with testItemExecutionIndex 2
2020-11-30T14:45:27.7302090+05:30:Thread#0: Test #13/1 is finished on thread #0 as Failed within 11.3118183 seconds
2020-11-30T14:45:27.7372080+05:30:Thread#0: Test #13/2 is started on thread #0
2020-11-30T14:45:27.7412095+05:30:Thread#0:B:Given Browser is launced
2020-11-30T14:45:37.6628300+05:30:Thread#0:T:done: LoginSteps.GivenBrowserIsLaunced() (9.9s)
2020-11-30T14:45:37.6738313+05:30:Thread#0:B:And Navigated to QualityPoint Application
2020-11-30T14:45:45.7376341+05:30:Thread#0:T:error: chrome not reachable
2020-11-30T14:45:45.7416357+05:30:Thread#0:T:  (Session info: chrome=87.0.4280.66)
2020-11-30T14:45:45.7456358+05:30:Thread#0:B:When Enter "InCorrectUserr" in UserName field and "InCorrectPassword" in Password field
2020-11-30T14:45:45.7496364+05:30:Thread#0:T:skipped because of previous errors
2020-11-30T14:45:45.7536366+05:30:Thread#0:B:And Click on login button
2020-11-30T14:45:45.7576372+05:30:Thread#0:T:skipped because of previous errors
2020-11-30T14:45:45.7666363+05:30:Thread#0:B:Then "LoginFailedMessage" error message should be displayed in Login Page
2020-11-30T14:45:45.7706365+05:30:Thread#0:T:skipped because of previous errors
2020-11-30T14:45:45.7746375+05:30:Thread#0:B:And Close the Application
2020-11-30T14:45:45.7786377+05:30:Thread#0:T:skipped because of previous errors
2020-11-30T14:45:45.7866389+05:30:Thread#0:Scheduler: get next test for thread 0
2020-11-30T14:45:45.7866389+05:30:Thread#:Scheduler: at the end of normal test queue
2020-11-30T14:45:45.7866389+05:30:Thread#0:Scheduler: enumerator for thread is at end
2020-11-30T14:45:45.7866389+05:30:Thread#0:Scheduler: No more tests for thread
2020-11-30T14:45:45.7916382+05:30:Thread#0: Test #13/2 is finished on thread #0 as Failed within 18.0544302 seconds
2020-11-30T14:45:53.4680795+05:30:Trying to cancel thread
2020-11-30T14:45:53.4680795+05:30:Thread cancelled
2020-11-30T14:45:53.4780791+05:30:Thread#-1:Scheduler: get next test for thread -1
2020-11-30T14:45:53.4780791+05:30:Thread#:Scheduler: at the end of normal test queue
2020-11-30T14:45:53.4780791+05:30:Thread#-1:Scheduler: enumerator for thread is at end
2020-11-30T14:45:53.4850789+05:30;Thread#11;Info;test run finished
2020-11-30T14:45:53.4860790+05:30;Thread#11;Info;publishing test results
2020-11-30T14:45:53.4960798+05:30;Thread#11;Info;test results published
2020-11-30T14:45:53.4960798+05:30;Thread#11;Info;generating reports
2020-11-30T14:45:53.6530884+05:30;Thread#11;Info;Starting external report generation process
2020-11-30T14:45:57.0042810+05:30;Thread#11;Info;Successfully generated reports.
2020-11-30T14:45:57.0132823+05:30;Thread#11;Info;Successfully generated reports
2020-11-30T14:45:57.0262828+05:30:Total: 1 (test executions: 3)
2020-11-30T14:45:57.0282829+05:30:Succeeded: 0
2020-11-30T14:45:57.0282829+05:30:Ignored: 0
2020-11-30T14:45:57.0292825+05:30:Pending: 0
2020-11-30T14:45:57.0292825+05:30:Skipped: 0
2020-11-30T14:45:57.0292825+05:30:Failed: 1
2020-11-30T14:45:57.0422835+05:30;VSTestExecutionThread;Info;Adding attachments to VSTest
2020-11-30T14:45:57.0422835+05:30;VSTestExecutionThread;Info;adding Test Execution Report 'C:\Users\gnaneshwar.kondapaka\Desktop\Assignments\ClassLibraryDotNetFrameWorkSolution\TestResults\Unnamed project__2020-11-30T144445.html'
========== End of log file ==========
