2020-11-30T07:15:07.9206008+05:30;VSTestExecutionThread;Info;SpecFlow+Runner execution started
2020-11-30T07:15:07.9206008+05:30;VSTestExecutionThread;Info;SpecFlow+Runner 3.5.8 in Framework clr40 in x86 mode execution started
2020-11-30T07:15:07.9206008+05:30;VSTestExecutionThread;Info;TestAdapter Location: C:\Users\gnaneshwar.kondapaka\Desktop\Assignments\ClassLibraryDotNetFrameWorkSolution\packages\SpecRun.Runner.3.5.8\tools\net461\TechTalk.SpecRun.VisualStudio.TestAdapter.dll
2020-11-30T07:15:07.9246009+05:30;VSTestExecutionThread;Info;Current UserName: 'gnaneshwar.kondapaka', MachineName: 'GGK-UPL-DEV-FC'
2020-11-30T07:15:08.0136071+05:30;VSTestExecutionThread;Info;SpecRun: running tests in C:\Users\gnaneshwar.kondapaka\Desktop\Assignments\ClassLibraryDotNetFrameWorkSolution\ClassLibraryDotNetFrameWork\bin\Debug\ClassLibraryDotNetFrameWork.dll
2020-11-30T07:15:08.0136071+05:30;VSTestExecutionThread;Info;Output folder configured to "C:\Users\gnaneshwar.kondapaka\Desktop\Assignments\ClassLibraryDotNetFrameWorkSolution\TestResults" (default)
2020-11-30T07:15:08.0136071+05:30;VSTestExecutionThread;Info;Profile: 
2020-11-30T07:15:08.0936120+05:30;VSTestExecutionThread;Info;Log file path: C:\Users\gnaneshwar.kondapaka\Desktop\Assignments\ClassLibraryDotNetFrameWorkSolution\TestResults\Unnamed project__2020-11-30T071508.log
2020-11-30T07:15:08.1036125+05:30;Thread#11;Info;Checking activation
2020-11-30T07:15:08.2126197+05:30;Thread#11;Info;Activated.
2020-11-30T07:15:08.2126197+05:30;Thread#11;Info;Activation check completed
2020-11-30T07:15:08.2136197+05:30;Thread#11;Info;Starting test run
2020-11-30T07:15:08.2756237+05:30;Thread#11;Info;Discovering target: Default
2020-11-30T07:15:08.2766237+05:30;Thread#11;Info;Discovering tests from assembly: C:\Users\gnaneshwar.kondapaka\Desktop\Assignments\ClassLibraryDotNetFrameWorkSolution\ClassLibraryDotNetFrameWork\bin\Debug\ClassLibraryDotNetFrameWork.dll
2020-11-30T07:15:09.0726725+05:30;Thread#11;Info;Discovered tests from assembly: C:\Users\gnaneshwar.kondapaka\Desktop\Assignments\ClassLibraryDotNetFrameWorkSolution\ClassLibraryDotNetFrameWork\bin\Debug\ClassLibraryDotNetFrameWork.dll
2020-11-30T07:15:09.0736748+05:30:Test Suite Dump
2020-11-30T07:15:09.0756754+05:30:#0: Unnamed project/ - 
2020-11-30T07:15:09.0756754+05:30:#1: Default - 
2020-11-30T07:15:09.0756754+05:30:#2: ClassLibraryDotNetFrameWork - 
2020-11-30T07:15:09.0756754+05:30:#11: Login - 
2020-11-30T07:15:09.1646807+05:30:#12: Logging in with valid credentials - TestAssembly:ClassLibraryDotNetFrameWork/Feature:Login/Scenario:Logging+in+with+valid+credentials
2020-11-30T07:15:09.1646807+05:30:#13: Logging in with Invalid credentials - TestAssembly:ClassLibraryDotNetFrameWork/Feature:Login/Scenario:Logging+in+with+Invalid+credentials
2020-11-30T07:15:09.1646807+05:30:End: Test Suite Dump
2020-11-30T07:15:09.2246845+05:30:Thread#0:Scheduler: get next test for thread 0
2020-11-30T07:15:09.2276856+05:30:Thread#:Scheduler: testitem #12 from normal test queue 
2020-11-30T07:15:09.2276856+05:30:Thread#0:Scheduler: considering testitem #12 for thread 0
2020-11-30T07:15:09.2326849+05:30:Thread#0:TestItem#12:testItemMatchesCurrentTestThread:UnSpecific
2020-11-30T07:15:09.2326849+05:30:Thread#0:TestItem#12:runsOnOneOtherThreadSpecific:False
2020-11-30T07:15:09.2326849+05:30:Thread#0:TestItem#12:runsOnOneOtherThreadUnspecific:False
2020-11-30T07:15:09.2326849+05:30:Thread#0:Scheduler: using testitem #12 for thread 0
2020-11-30T07:15:09.2346855+05:30:Thread#0:Scheduler: Test #12 is scheduled for thread
2020-11-30T07:15:09.2356851+05:30:Thread#0:Scheduler: with testItemExecutionIndex 0
2020-11-30T07:15:09.2386852+05:30:Thread #0: creating new test thread executor for ClassLibraryDotNetFrameWork, Version=1.0.0.0, Culture=neutral, PublicKeyToken=null (target: Default)
2020-11-30T07:15:09.2416858+05:30:Thread #0: Creating test assembly executor for execution model AppDomain
2020-11-30T07:15:09.2656875+05:30:Thread #0: Creating test assembly executor for execution model AppDomain
2020-11-30T07:15:09.2666875+05:30:Thread #0: using TechTalk.SpecRun.Framework.Execution.InProcess.InProcAppDomainTestAssemblyExecutorHost to execute tests
2020-11-30T07:15:10.6227743+05:30:Thread#0:T:-> Loading plugin C:\Users\gnaneshwar.kondapaka\Desktop\Assignments\ClassLibraryDotNetFrameWorkSolution\ClassLibraryDotNetFrameWork\bin\Debug\SpecRun.Runtime.SpecFlowPlugin.dll
2020-11-30T07:15:10.6557768+05:30:Thread#0:T:-> Using default config
2020-11-30T07:15:11.1328072+05:30:Thread#0:T:-> error: The binding methods for before/after feature and before/after test run events must be static! ClassLibraryDotNetFrameWork:ClassLibraryDotNetFrameWork.Hooks.Hooks1.BeforeFeature()
2020-11-30T07:15:12.0788683+05:30:test thread #0 error: System.Runtime.Serialization.SerializationException: Unable to find assembly 'TechTalk.SpecFlow, Version=3.5.0.0, Culture=neutral, PublicKeyToken=0778194805d6db41'.

Server stack trace: 
   at System.Runtime.Serialization.Formatters.Binary.BinaryAssemblyInfo.GetAssembly()
   at System.Runtime.Serialization.Formatters.Binary.ObjectReader.GetType(BinaryAssemblyInfo assemblyInfo, String name)
   at System.Runtime.Serialization.Formatters.Binary.ObjectMap..ctor(String objectName, String[] memberNames, BinaryTypeEnum[] binaryTypeEnumA, Object[] typeInformationA, Int32[] memberAssemIds, ObjectReader objectReader, Int32 objectId, BinaryAssemblyInfo assemblyInfo, SizedArray assemIdToAssemblyTable)
   at System.Runtime.Serialization.Formatters.Binary.__BinaryParser.ReadObjectWithMapTyped(BinaryObjectWithMapTyped record)
   at System.Runtime.Serialization.Formatters.Binary.__BinaryParser.ReadObjectWithMapTyped(BinaryHeaderEnum binaryHeaderEnum)
   at System.Runtime.Serialization.Formatters.Binary.__BinaryParser.Run()
   at System.Runtime.Serialization.Formatters.Binary.ObjectReader.Deserialize(HeaderHandler handler, __BinaryParser serParser, Boolean fCheck, Boolean isCrossAppDomain, IMethodCallMessage methodCallMessage)
   at System.Runtime.Serialization.Formatters.Binary.BinaryFormatter.Deserialize(Stream serializationStream, HeaderHandler handler, Boolean fCheck, Boolean isCrossAppDomain, IMethodCallMessage methodCallMessage)
   at System.Runtime.Remoting.Channels.CrossAppDomainSerializer.DeserializeObject(MemoryStream stm)
   at System.Runtime.Remoting.Messaging.SmuggledMethodReturnMessage.FixupForNewAppDomain()
   at System.Runtime.Remoting.Channels.CrossAppDomainSink.SyncProcessMessage(IMessage reqMsg)

Exception rethrown at [0]: 
   at System.Runtime.Remoting.Proxies.RealProxy.HandleReturnMessage(IMessage reqMsg, IMessage retMsg)
   at System.Runtime.Remoting.Proxies.RealProxy.PrivateInvoke(MessageData& msgData, Int32 type)
   at TechTalk.SpecRun.Framework.ITestAssemblyExecutor.RunTests(TestThreadState testThreadState)
   at TechTalk.SpecRun.Framework.Execution.InProcess.InProcAppDomainTestAssemblyExecutorHost.RunTests(TestThreadState testThreadState)
   at TechTalk.SpecRun.Framework.TestThread.RunNonEmptyTestSuite(CancellationToken cancellationToken, TestThreadState testThreadState)
   at TechTalk.SpecRun.Framework.TestThread.Run(ITestExecutionManager executionManagerForRun, CancellationToken cancellationToken)
   at TechTalk.SpecRun.Framework.AsyncTestThreadRunner.RunSync(TestExecutionManager executionManager, CancellationToken cancellationToken)
2020-11-30T07:15:12.0808684+05:30:test thread error: TechTalk.SpecRun.Framework.SpecRunException: At least one test thread aborted. ---> System.Runtime.Serialization.SerializationException: Unable to find assembly 'TechTalk.SpecFlow, Version=3.5.0.0, Culture=neutral, PublicKeyToken=0778194805d6db41'.

Server stack trace: 
   at System.Runtime.Serialization.Formatters.Binary.BinaryAssemblyInfo.GetAssembly()
   at System.Runtime.Serialization.Formatters.Binary.ObjectReader.GetType(BinaryAssemblyInfo assemblyInfo, String name)
   at System.Runtime.Serialization.Formatters.Binary.ObjectMap..ctor(String objectName, String[] memberNames, BinaryTypeEnum[] binaryTypeEnumA, Object[] typeInformationA, Int32[] memberAssemIds, ObjectReader objectReader, Int32 objectId, BinaryAssemblyInfo assemblyInfo, SizedArray assemIdToAssemblyTable)
   at System.Runtime.Serialization.Formatters.Binary.__BinaryParser.ReadObjectWithMapTyped(BinaryObjectWithMapTyped record)
   at System.Runtime.Serialization.Formatters.Binary.__BinaryParser.ReadObjectWithMapTyped(BinaryHeaderEnum binaryHeaderEnum)
   at System.Runtime.Serialization.Formatters.Binary.__BinaryParser.Run()
   at System.Runtime.Serialization.Formatters.Binary.ObjectReader.Deserialize(HeaderHandler handler, __BinaryParser serParser, Boolean fCheck, Boolean isCrossAppDomain, IMethodCallMessage methodCallMessage)
   at System.Runtime.Serialization.Formatters.Binary.BinaryFormatter.Deserialize(Stream serializationStream, HeaderHandler handler, Boolean fCheck, Boolean isCrossAppDomain, IMethodCallMessage methodCallMessage)
   at System.Runtime.Remoting.Channels.CrossAppDomainSerializer.DeserializeObject(MemoryStream stm)
   at System.Runtime.Remoting.Messaging.SmuggledMethodReturnMessage.FixupForNewAppDomain()
   at System.Runtime.Remoting.Channels.CrossAppDomainSink.SyncProcessMessage(IMessage reqMsg)

Exception rethrown at [0]: 
   at System.Runtime.Remoting.Proxies.RealProxy.HandleReturnMessage(IMessage reqMsg, IMessage retMsg)
   at System.Runtime.Remoting.Proxies.RealProxy.PrivateInvoke(MessageData& msgData, Int32 type)
   at TechTalk.SpecRun.Framework.ITestAssemblyExecutor.RunTests(TestThreadState testThreadState)
   at TechTalk.SpecRun.Framework.Execution.InProcess.InProcAppDomainTestAssemblyExecutorHost.RunTests(TestThreadState testThreadState)
   at TechTalk.SpecRun.Framework.TestThread.RunNonEmptyTestSuite(CancellationToken cancellationToken, TestThreadState testThreadState)
   at TechTalk.SpecRun.Framework.TestThread.Run(ITestExecutionManager executionManagerForRun, CancellationToken cancellationToken)
   at TechTalk.SpecRun.Framework.AsyncTestThreadRunner.RunSync(TestExecutionManager executionManager, CancellationToken cancellationToken)
   --- End of inner exception stack trace ---
2020-11-30T07:15:12.0818684+05:30:Trying to cancel thread
2020-11-30T07:15:12.0818684+05:30:Thread cancelled
2020-11-30T07:15:12.1168697+05:30:Thread#-1: Test #12/0 is started on thread #-1
2020-11-30T07:15:12.1188703+05:30:Thread#-1: Test #12/0 is finished on thread #-1 as Skipped within 0.001001 seconds
2020-11-30T07:15:12.1238701+05:30:Thread#-1:Scheduler: get next test for thread -1
2020-11-30T07:15:12.1238701+05:30:Thread#:Scheduler: testitem #13 from normal test queue 
2020-11-30T07:15:12.1238701+05:30:Thread#-1:Scheduler: considering testitem #13 for thread -1
2020-11-30T07:15:12.1238701+05:30:Thread#-1:Scheduler: using testitem #13 for thread -1
2020-11-30T07:15:12.1238701+05:30:Thread#-1:Scheduler: Test #13 is scheduled for thread
2020-11-30T07:15:12.1238701+05:30:Thread#-1: Test #13/0 is started on thread #-1
2020-11-30T07:15:12.1238701+05:30:Thread#-1: Test #13/0 is finished on thread #-1 as Skipped within 0 seconds
2020-11-30T07:15:12.1238701+05:30:Thread#-1:Scheduler: get next test for thread -1
2020-11-30T07:15:12.1238701+05:30:Thread#:Scheduler: at the end of normal test queue
2020-11-30T07:15:12.1238701+05:30:Thread#-1:Scheduler: enumerator for thread is at end
2020-11-30T07:15:12.1828748+05:30;Thread#11;Info;test run finished
2020-11-30T07:15:12.1828748+05:30;Thread#11;Info;publishing test results
2020-11-30T07:15:12.2628792+05:30;Thread#11;Info;test results published
2020-11-30T07:15:12.2638792+05:30;Thread#11;Info;generating reports
2020-11-30T07:15:12.5318965+05:30;Thread#11;Info;Starting external report generation process
2020-11-30T07:15:26.2852373+05:30;Thread#11;Info;Successfully generated reports.
2020-11-30T07:15:26.2922381+05:30;Thread#11;Info;Successfully generated reports
2020-11-30T07:15:26.3042391+05:30:Total: 2
2020-11-30T07:15:26.3062392+05:30:Succeeded: 0
2020-11-30T07:15:26.3072397+05:30:Ignored: 0
2020-11-30T07:15:26.3082389+05:30:Pending: 0
2020-11-30T07:15:26.3082389+05:30:Skipped: 2
2020-11-30T07:15:26.3082389+05:30:Failed: 0
2020-11-30T07:15:26.3122391+05:30;VSTestExecutionThread;Info;Adding attachments to VSTest
2020-11-30T07:15:26.3122391+05:30;VSTestExecutionThread;Info;adding Test Execution Report 'C:\Users\gnaneshwar.kondapaka\Desktop\Assignments\ClassLibraryDotNetFrameWorkSolution\TestResults\Unnamed project__2020-11-30T071508.html'
========== End of log file ==========
