2020-11-30T09:16:30.8256877+05:30;VSTestExecutionThread;Info;SpecFlow+Runner execution started
2020-11-30T09:16:30.8256877+05:30;VSTestExecutionThread;Info;SpecFlow+Runner 3.5.8 in Framework clr40 in x86 mode execution started
2020-11-30T09:16:30.8256877+05:30;VSTestExecutionThread;Info;TestAdapter Location: C:\Users\gnaneshwar.kondapaka\Desktop\Assignments\ClassLibraryDotNetFrameWorkSolution\packages\SpecRun.Runner.3.5.8\tools\net461\TechTalk.SpecRun.VisualStudio.TestAdapter.dll
2020-11-30T09:16:30.8266882+05:30;VSTestExecutionThread;Info;Current UserName: 'gnaneshwar.kondapaka', MachineName: 'GGK-UPL-DEV-FC'
2020-11-30T09:16:30.9316952+05:30;VSTestExecutionThread;Info;SpecRun: running tests in C:\Users\gnaneshwar.kondapaka\Desktop\Assignments\ClassLibraryDotNetFrameWorkSolution\ClassLibraryDotNetFrameWork\bin\Debug\ClassLibraryDotNetFrameWork.dll
2020-11-30T09:16:30.9316952+05:30;VSTestExecutionThread;Info;Output folder configured to "C:\Users\gnaneshwar.kondapaka\Desktop\Assignments\ClassLibraryDotNetFrameWorkSolution\TestResults" (default)
2020-11-30T09:16:30.9316952+05:30;VSTestExecutionThread;Info;Profile: 
2020-11-30T09:16:31.2207131+05:30;VSTestExecutionThread;Info;Log file path: C:\Users\gnaneshwar.kondapaka\Desktop\Assignments\ClassLibraryDotNetFrameWorkSolution\TestResults\Unnamed project__2020-11-30T091630.log
2020-11-30T09:16:31.2327141+05:30;Thread#11;Info;Checking activation
2020-11-30T09:16:31.3567220+05:30;Thread#11;Info;Activated.
2020-11-30T09:16:31.3567220+05:30;Thread#11;Info;Activation check completed
2020-11-30T09:16:31.3577221+05:30;Thread#11;Info;Starting test run
2020-11-30T09:16:31.4147262+05:30;Thread#11;Info;Discovering target: Default
2020-11-30T09:16:31.4147262+05:30;Thread#11;Info;Discovering tests from assembly: C:\Users\gnaneshwar.kondapaka\Desktop\Assignments\ClassLibraryDotNetFrameWorkSolution\ClassLibraryDotNetFrameWork\bin\Debug\ClassLibraryDotNetFrameWork.dll
2020-11-30T09:16:32.0357621+05:30;Thread#11;Info;Discovered tests from assembly: C:\Users\gnaneshwar.kondapaka\Desktop\Assignments\ClassLibraryDotNetFrameWorkSolution\ClassLibraryDotNetFrameWork\bin\Debug\ClassLibraryDotNetFrameWork.dll
2020-11-30T09:16:32.0387627+05:30:Test Suite Dump
2020-11-30T09:16:32.0407627+05:30:#0: Unnamed project/ - 
2020-11-30T09:16:32.0407627+05:30:#1: Default - 
2020-11-30T09:16:32.0407627+05:30:#2: ClassLibraryDotNetFrameWork - 
2020-11-30T09:16:32.0407627+05:30:#11: Login - 
2020-11-30T09:16:32.1007662+05:30:#12: Logging in with valid credentials - TestAssembly:ClassLibraryDotNetFrameWork/Feature:Login/Scenario:Logging+in+with+valid+credentials
2020-11-30T09:16:32.1007662+05:30:#13: Logging in with Invalid credentials - TestAssembly:ClassLibraryDotNetFrameWork/Feature:Login/Scenario:Logging+in+with+Invalid+credentials
2020-11-30T09:16:32.1007662+05:30:End: Test Suite Dump
2020-11-30T09:16:32.1467691+05:30:Thread#0:Scheduler: get next test for thread 0
2020-11-30T09:16:32.1487687+05:30:Thread#:Scheduler: testitem #12 from normal test queue 
2020-11-30T09:16:32.1487687+05:30:Thread#0:Scheduler: considering testitem #12 for thread 0
2020-11-30T09:16:32.1537694+05:30:Thread#0:TestItem#12:testItemMatchesCurrentTestThread:UnSpecific
2020-11-30T09:16:32.1537694+05:30:Thread#0:TestItem#12:runsOnOneOtherThreadSpecific:False
2020-11-30T09:16:32.1537694+05:30:Thread#0:TestItem#12:runsOnOneOtherThreadUnspecific:False
2020-11-30T09:16:32.1537694+05:30:Thread#0:Scheduler: using testitem #12 for thread 0
2020-11-30T09:16:32.1557695+05:30:Thread#0:Scheduler: Test #12 is scheduled for thread
2020-11-30T09:16:32.1567695+05:30:Thread#0:Scheduler: with testItemExecutionIndex 0
2020-11-30T09:16:32.1597696+05:30:Thread #0: creating new test thread executor for ClassLibraryDotNetFrameWork, Version=1.0.0.0, Culture=neutral, PublicKeyToken=null (target: Default)
2020-11-30T09:16:32.1617697+05:30:Thread #0: Creating test assembly executor for execution model AppDomain
2020-11-30T09:16:32.1697701+05:30:Thread #0: Creating test assembly executor for execution model AppDomain
2020-11-30T09:16:32.1707705+05:30:Thread #0: using TechTalk.SpecRun.Framework.Execution.InProcess.InProcAppDomainTestAssemblyExecutorHost to execute tests
2020-11-30T09:16:32.7008015+05:30:Thread#0:T:-> Loading plugin C:\Users\gnaneshwar.kondapaka\Desktop\Assignments\ClassLibraryDotNetFrameWorkSolution\ClassLibraryDotNetFrameWork\bin\Debug\SpecRun.Runtime.SpecFlowPlugin.dll
2020-11-30T09:16:32.7118025+05:30:Thread#0:T:-> Using default config
2020-11-30T09:16:33.8198735+05:30:Thread#0: Test #12/0 is started on thread #0
2020-11-30T09:16:33.8538752+05:30:Thread#0:B:Given Browser is launced
2020-11-30T09:16:40.8033194+05:30:Thread#0:T:done: LoginSteps.GivenBrowserIsLaunced() (6.9s)
2020-11-30T09:16:40.8053194+05:30:Thread#0:B:And Navigated to QualityPoint Application
2020-11-30T09:16:43.9575162+05:30:Thread#0:T:done: LoginSteps.GivenNavigatedToQualityPointApplication() (3.1s)
2020-11-30T09:16:43.9655166+05:30:Thread#0:B:When Enter "AdminUserName" in UserName field and "AdminPassword" in Password field
2020-11-30T09:16:44.3235401+05:30:Thread#0:T:done: LoginSteps.WhenIEnterInUserNameAndInPassword("AdminUserName", "AdminPassword") (0.3s)
2020-11-30T09:16:44.3285404+05:30:Thread#0:B:And Click on login button
2020-11-30T09:16:47.8867679+05:30:Thread#0:T:done: LoginSteps.WhenClickOnLoginButton() (3.6s)
2020-11-30T09:16:47.8917695+05:30:Thread#0:B:Then Should be Navigated to "Report" Page
2020-11-30T09:16:47.9057693+05:30:Thread#0:T:done: LoginSteps.ThenShouldBeNavigatedToPage("Report") (0.0s)
2020-11-30T09:16:47.9097713+05:30:Thread#0:B:And Logout from the Application
2020-11-30T09:17:00.2367152+05:30:Thread#0:T:done: LoginSteps.ThenLogoutFromTheApplication() (12.3s)
2020-11-30T09:17:00.2647166+05:30:Thread#0:Scheduler: get next test for thread 0
2020-11-30T09:17:00.2647166+05:30:Thread#:Scheduler: testitem #13 from normal test queue 
2020-11-30T09:17:00.2647166+05:30:Thread#0:Scheduler: considering testitem #13 for thread 0
2020-11-30T09:17:00.2647166+05:30:Thread#0:TestItem#13:testItemMatchesCurrentTestThread:UnSpecific
2020-11-30T09:17:00.2647166+05:30:Thread#0:TestItem#13:runsOnOneOtherThreadSpecific:False
2020-11-30T09:17:00.2647166+05:30:Thread#0:TestItem#13:runsOnOneOtherThreadUnspecific:False
2020-11-30T09:17:00.2647166+05:30:Thread#0:Scheduler: using testitem #13 for thread 0
2020-11-30T09:17:00.2647166+05:30:Thread#0:Scheduler: Test #13 is scheduled for thread
2020-11-30T09:17:00.2647166+05:30:Thread#0:Scheduler: with testItemExecutionIndex 0
2020-11-30T09:17:00.2857185+05:30:Thread#0: Test #12/0 is finished on thread #0 as Succeeded within 26.4638449 seconds
2020-11-30T09:17:00.2967195+05:30:Thread#0: Test #13/0 is started on thread #0
2020-11-30T09:17:00.3017197+05:30:Thread#0:B:Given Browser is launced
2020-11-30T09:17:05.7150597+05:30:Thread#0:T:done: LoginSteps.GivenBrowserIsLaunced() (5.4s)
2020-11-30T09:17:05.7190595+05:30:Thread#0:B:And Navigated to QualityPoint Application
2020-11-30T09:17:10.2951032+05:30:Thread#0:T:done: LoginSteps.GivenNavigatedToQualityPointApplication() (4.6s)
2020-11-30T09:17:10.2991038+05:30:Thread#0:B:When Enter "InCorrectUserr" in UserName field and "InCorrectPassword" in Password field
2020-11-30T09:17:17.6379653+05:30:Thread#0:T:error:   Exception while Entering username and password, Exception : System.NullReferenceException: Object reference not set to an instance of an object.
2020-11-30T09:17:17.6419664+05:30:Thread#0:T:   at StepDefinations.LoginSteps.WhenIEnterInUserNameAndInPassword(String userName, String passWord) in C:\Users\gnaneshwar.kondapaka\Desktop\Assignments\ClassLibraryDotNetFrameWorkSolution\ClassLibraryDotNetFrameWork\StepDefinations\LoginSteps.cs:line 76
2020-11-30T09:17:17.6449652+05:30:Thread#0:T:  Expected: True
2020-11-30T09:17:17.6489663+05:30:Thread#0:T:  But was:  False
2020-11-30T09:17:17.6529661+05:30:Thread#0:B:And Click on login button
2020-11-30T09:17:17.6579667+05:30:Thread#0:T:skipped because of previous errors
2020-11-30T09:17:17.6689668+05:30:Thread#0:B:Then "LoginFailedMessage" error message should be displayed in Login Page
2020-11-30T09:17:17.6729670+05:30:Thread#0:T:skipped because of previous errors
2020-11-30T09:17:17.6769677+05:30:Thread#0:B:And Close the Application
2020-11-30T09:17:17.6799674+05:30:Thread#0:T:skipped because of previous errors
2020-11-30T09:17:17.6859677+05:30:Thread#0:TestItem#13:Scheduler: reschedule tests for testitem #13
2020-11-30T09:17:17.6899688+05:30:Thread#0:Scheduler: get next test for thread 0
2020-11-30T09:17:17.6899688+05:30:Thread#:Scheduler: dequeuing a rescheduled testitem: #13
2020-11-30T09:17:17.6899688+05:30:Thread#0:Scheduler: considering testitem #13 for thread 0
2020-11-30T09:17:17.6899688+05:30:Thread#0:TestItem#13:testItemMatchesCurrentTestThread:UnSpecific
2020-11-30T09:17:17.6899688+05:30:Thread#0:TestItem#13:runsOnOneOtherThreadSpecific:False
2020-11-30T09:17:17.6899688+05:30:Thread#0:TestItem#13:runsOnOneOtherThreadUnspecific:False
2020-11-30T09:17:17.6899688+05:30:Thread#0:Scheduler: using testitem #13 for thread 0
2020-11-30T09:17:17.6899688+05:30:Thread#0:Scheduler: Test #13 is scheduled for thread
2020-11-30T09:17:17.6899688+05:30:Thread#0:Scheduler: with testItemExecutionIndex 1
2020-11-30T09:17:17.6979692+05:30:Thread#0: Test #13/0 is finished on thread #0 as Failed within 17.4012497 seconds
2020-11-30T09:17:17.7029694+05:30:Thread#0: Test #13/1 is started on thread #0
2020-11-30T09:17:17.7069714+05:30:Thread#0:B:Given Browser is launced
2020-11-30T09:17:23.0953079+05:30:Thread#0:T:done: LoginSteps.GivenBrowserIsLaunced() (5.4s)
2020-11-30T09:17:23.0993081+05:30:Thread#0:B:And Navigated to QualityPoint Application
2020-11-30T09:17:28.9135211+05:30:Thread#0:T:done: LoginSteps.GivenNavigatedToQualityPointApplication() (5.8s)
2020-11-30T09:17:28.9175209+05:30:Thread#0:B:When Enter "InCorrectUserr" in UserName field and "InCorrectPassword" in Password field
2020-11-30T09:17:34.9439001+05:30:Thread#0:T:error: Multiple failures or warnings in test:
2020-11-30T09:17:34.9509009+05:30:Thread#0:T:  1)   Exception while Entering username and password, Exception : System.NullReferenceException: Object reference not set to an instance of an object.
2020-11-30T09:17:34.9549007+05:30:Thread#0:T:   at StepDefinations.LoginSteps.WhenIEnterInUserNameAndInPassword(String userName, String passWord) in C:\Users\gnaneshwar.kondapaka\Desktop\Assignments\ClassLibraryDotNetFrameWorkSolution\ClassLibraryDotNetFrameWork\StepDefinations\LoginSteps.cs:line 76
2020-11-30T09:17:34.9579004+05:30:Thread#0:T:  Expected: True
2020-11-30T09:17:34.9619015+05:30:Thread#0:T:  But was:  False
2020-11-30T09:17:34.9659017+05:30:Thread#0:T:  2)   Exception while Entering username and password, Exception : System.NullReferenceException: Object reference not set to an instance of an object.
2020-11-30T09:17:34.9689014+05:30:Thread#0:T:   at StepDefinations.LoginSteps.WhenIEnterInUserNameAndInPassword(String userName, String passWord) in C:\Users\gnaneshwar.kondapaka\Desktop\Assignments\ClassLibraryDotNetFrameWorkSolution\ClassLibraryDotNetFrameWork\StepDefinations\LoginSteps.cs:line 76
2020-11-30T09:17:34.9739021+05:30:Thread#0:T:  Expected: True
2020-11-30T09:17:34.9769018+05:30:Thread#0:T:  But was:  False
2020-11-30T09:17:34.9839021+05:30:Thread#0:B:And Click on login button
2020-11-30T09:17:34.9879028+05:30:Thread#0:T:skipped because of previous errors
2020-11-30T09:17:34.9929034+05:30:Thread#0:B:Then "LoginFailedMessage" error message should be displayed in Login Page
2020-11-30T09:17:34.9959031+05:30:Thread#0:T:skipped because of previous errors
2020-11-30T09:17:34.9999038+05:30:Thread#0:B:And Close the Application
2020-11-30T09:17:35.0039035+05:30:Thread#0:T:skipped because of previous errors
2020-11-30T09:17:35.0149045+05:30:Thread#0:Scheduler: get next test for thread 0
2020-11-30T09:17:35.0149045+05:30:Thread#:Scheduler: dequeuing a rescheduled testitem: #13
2020-11-30T09:17:35.0149045+05:30:Thread#0:Scheduler: considering testitem #13 for thread 0
2020-11-30T09:17:35.0149045+05:30:Thread#0:TestItem#13:testItemMatchesCurrentTestThread:UnSpecific
2020-11-30T09:17:35.0149045+05:30:Thread#0:TestItem#13:runsOnOneOtherThreadSpecific:False
2020-11-30T09:17:35.0149045+05:30:Thread#0:TestItem#13:runsOnOneOtherThreadUnspecific:False
2020-11-30T09:17:35.0149045+05:30:Thread#0:Scheduler: using testitem #13 for thread 0
2020-11-30T09:17:35.0149045+05:30:Thread#0:Scheduler: Test #13 is scheduled for thread
2020-11-30T09:17:35.0149045+05:30:Thread#0:Scheduler: with testItemExecutionIndex 2
2020-11-30T09:17:35.0219044+05:30:Thread#0: Test #13/1 is finished on thread #0 as Failed within 17.318935 seconds
2020-11-30T09:17:35.0269056+05:30:Thread#0: Test #13/2 is started on thread #0
2020-11-30T09:17:35.0309058+05:30:Thread#0:B:Given Browser is launced
2020-11-30T09:17:40.7892742+05:30:Thread#0:T:done: LoginSteps.GivenBrowserIsLaunced() (5.8s)
2020-11-30T09:17:40.7952749+05:30:Thread#0:B:And Navigated to QualityPoint Application
2020-11-30T09:17:44.8115263+05:30:Thread#0:T:done: LoginSteps.GivenNavigatedToQualityPointApplication() (4.0s)
2020-11-30T09:17:44.8155265+05:30:Thread#0:B:When Enter "InCorrectUserr" in UserName field and "InCorrectPassword" in Password field
2020-11-30T09:17:57.7893512+05:30:Thread#0:T:error: Multiple failures or warnings in test:
2020-11-30T09:17:57.7933514+05:30:Thread#0:T:  1)   Exception while Entering username and password, Exception : System.NullReferenceException: Object reference not set to an instance of an object.
2020-11-30T09:17:57.7973516+05:30:Thread#0:T:   at StepDefinations.LoginSteps.WhenIEnterInUserNameAndInPassword(String userName, String passWord) in C:\Users\gnaneshwar.kondapaka\Desktop\Assignments\ClassLibraryDotNetFrameWorkSolution\ClassLibraryDotNetFrameWork\StepDefinations\LoginSteps.cs:line 76
2020-11-30T09:17:57.8013518+05:30:Thread#0:T:  Expected: True
2020-11-30T09:17:57.8083517+05:30:Thread#0:T:  But was:  False
2020-11-30T09:17:57.8123532+05:30:Thread#0:T:  2)   Exception while Entering username and password, Exception : System.NullReferenceException: Object reference not set to an instance of an object.
2020-11-30T09:17:57.8163530+05:30:Thread#0:T:   at StepDefinations.LoginSteps.WhenIEnterInUserNameAndInPassword(String userName, String passWord) in C:\Users\gnaneshwar.kondapaka\Desktop\Assignments\ClassLibraryDotNetFrameWorkSolution\ClassLibraryDotNetFrameWork\StepDefinations\LoginSteps.cs:line 76
2020-11-30T09:17:57.8193522+05:30:Thread#0:T:  Expected: True
2020-11-30T09:17:57.8233538+05:30:Thread#0:T:  But was:  False
2020-11-30T09:17:57.8273535+05:30:Thread#0:T:  3)   Exception while Entering username and password, Exception : System.NullReferenceException: Object reference not set to an instance of an object.
2020-11-30T09:17:57.8303532+05:30:Thread#0:T:   at StepDefinations.LoginSteps.WhenIEnterInUserNameAndInPassword(String userName, String passWord) in C:\Users\gnaneshwar.kondapaka\Desktop\Assignments\ClassLibraryDotNetFrameWorkSolution\ClassLibraryDotNetFrameWork\StepDefinations\LoginSteps.cs:line 76
2020-11-30T09:17:57.8353544+05:30:Thread#0:T:  Expected: True
2020-11-30T09:17:57.8423552+05:30:Thread#0:T:  But was:  False
2020-11-30T09:17:57.8453540+05:30:Thread#0:B:And Click on login button
2020-11-30T09:17:57.8493555+05:30:Thread#0:T:skipped because of previous errors
2020-11-30T09:17:57.8533548+05:30:Thread#0:B:Then "LoginFailedMessage" error message should be displayed in Login Page
2020-11-30T09:17:57.8573555+05:30:Thread#0:T:skipped because of previous errors
2020-11-30T09:17:57.8603547+05:30:Thread#0:B:And Close the Application
2020-11-30T09:17:57.8643558+05:30:Thread#0:T:skipped because of previous errors
2020-11-30T09:17:57.8753559+05:30:Thread#0:Scheduler: get next test for thread 0
2020-11-30T09:17:57.8753559+05:30:Thread#:Scheduler: at the end of normal test queue
2020-11-30T09:17:57.8753559+05:30:Thread#0:Scheduler: enumerator for thread is at end
2020-11-30T09:17:57.8753559+05:30:Thread#0:Scheduler: No more tests for thread
2020-11-30T09:17:57.8803566+05:30:Thread#0: Test #13/2 is finished on thread #0 as Failed within 22.853451 seconds
2020-11-30T09:18:32.8425707+05:30:Trying to cancel thread
2020-11-30T09:18:32.8425707+05:30:Thread cancelled
2020-11-30T09:18:32.8515711+05:30:Thread#-1:Scheduler: get next test for thread -1
2020-11-30T09:18:32.8515711+05:30:Thread#:Scheduler: at the end of normal test queue
2020-11-30T09:18:32.8515711+05:30:Thread#-1:Scheduler: enumerator for thread is at end
2020-11-30T09:18:32.8795725+05:30;Thread#11;Info;test run finished
2020-11-30T09:18:32.8805730+05:30;Thread#11;Info;publishing test results
2020-11-30T09:18:33.1745921+05:30;Thread#11;Info;test results published
2020-11-30T09:18:33.1755917+05:30;Thread#11;Info;generating reports
2020-11-30T09:18:33.4026060+05:30;Thread#11;Info;Starting external report generation process
2020-11-30T09:18:46.9764676+05:30;Thread#11;Info;Successfully generated reports.
2020-11-30T09:18:46.9784694+05:30;Thread#11;Info;Successfully generated reports
2020-11-30T09:18:47.0854765+05:30:Total: 2 (test executions: 4)
2020-11-30T09:18:47.0874775+05:30:Succeeded: 1
2020-11-30T09:18:47.0884758+05:30:Ignored: 0
2020-11-30T09:18:47.0884758+05:30:Pending: 0
2020-11-30T09:18:47.0884758+05:30:Skipped: 0
2020-11-30T09:18:47.0894767+05:30:Failed: 1
2020-11-30T09:18:47.1034779+05:30;VSTestExecutionThread;Info;Adding attachments to VSTest
2020-11-30T09:18:47.1034779+05:30;VSTestExecutionThread;Info;adding Test Execution Report 'C:\Users\gnaneshwar.kondapaka\Desktop\Assignments\ClassLibraryDotNetFrameWorkSolution\TestResults\Unnamed project__2020-11-30T091630.html'
========== End of log file ==========
