2020-11-30T08:12:38.5944448+05:30;VSTestExecutionThread;Info;SpecFlow+Runner execution started
2020-11-30T08:12:38.5944448+05:30;VSTestExecutionThread;Info;SpecFlow+Runner 3.5.8 in Framework clr40 in x86 mode execution started
2020-11-30T08:12:38.5944448+05:30;VSTestExecutionThread;Info;TestAdapter Location: C:\Users\gnaneshwar.kondapaka\Desktop\Assignments\ClassLibraryDotNetFrameWorkSolution\packages\SpecRun.Runner.3.5.8\tools\net461\TechTalk.SpecRun.VisualStudio.TestAdapter.dll
2020-11-30T08:12:38.5944448+05:30;VSTestExecutionThread;Info;Current UserName: 'gnaneshwar.kondapaka', MachineName: 'GGK-UPL-DEV-FC'
2020-11-30T08:12:38.7144537+05:30;VSTestExecutionThread;Info;SpecRun: running tests in C:\Users\gnaneshwar.kondapaka\Desktop\Assignments\ClassLibraryDotNetFrameWorkSolution\ClassLibraryDotNetFrameWork\bin\Debug\ClassLibraryDotNetFrameWork.dll
2020-11-30T08:12:38.7154537+05:30;VSTestExecutionThread;Info;Output folder configured to "C:\Users\gnaneshwar.kondapaka\Desktop\Assignments\ClassLibraryDotNetFrameWorkSolution\TestResults" (default)
2020-11-30T08:12:38.7154537+05:30;VSTestExecutionThread;Info;Profile: 
2020-11-30T08:12:38.8044600+05:30;VSTestExecutionThread;Info;Log file path: C:\Users\gnaneshwar.kondapaka\Desktop\Assignments\ClassLibraryDotNetFrameWorkSolution\TestResults\Unnamed project__2020-11-30T081238.log
2020-11-30T08:12:38.8174608+05:30;Thread#11;Info;Checking activation
2020-11-30T08:12:38.9234685+05:30;Thread#11;Info;Activated.
2020-11-30T08:12:38.9244685+05:30;Thread#11;Info;Activation check completed
2020-11-30T08:12:38.9244685+05:30;Thread#11;Info;Starting test run
2020-11-30T08:12:38.9954734+05:30;Thread#11;Info;Discovering target: Default
2020-11-30T08:12:38.9954734+05:30;Thread#11;Info;Discovering tests from assembly: C:\Users\gnaneshwar.kondapaka\Desktop\Assignments\ClassLibraryDotNetFrameWorkSolution\ClassLibraryDotNetFrameWork\bin\Debug\ClassLibraryDotNetFrameWork.dll
2020-11-30T08:12:39.5595116+05:30;Thread#11;Info;Discovered tests from assembly: C:\Users\gnaneshwar.kondapaka\Desktop\Assignments\ClassLibraryDotNetFrameWorkSolution\ClassLibraryDotNetFrameWork\bin\Debug\ClassLibraryDotNetFrameWork.dll
2020-11-30T08:12:39.5615130+05:30:Test Suite Dump
2020-11-30T08:12:39.5635127+05:30:#0: Unnamed project/ - 
2020-11-30T08:12:39.5635127+05:30:#1: Default - 
2020-11-30T08:12:39.5635127+05:30:#2: ClassLibraryDotNetFrameWork - 
2020-11-30T08:12:39.5635127+05:30:#11: Login - 
2020-11-30T08:12:39.7365239+05:30:#12: Logging in with valid credentials - TestAssembly:ClassLibraryDotNetFrameWork/Feature:Login/Scenario:Logging+in+with+valid+credentials
2020-11-30T08:12:39.7365239+05:30:#13: Logging in with Invalid credentials - TestAssembly:ClassLibraryDotNetFrameWork/Feature:Login/Scenario:Logging+in+with+Invalid+credentials
2020-11-30T08:12:39.7365239+05:30:End: Test Suite Dump
2020-11-30T08:12:39.8195289+05:30:Thread#0:Scheduler: get next test for thread 0
2020-11-30T08:12:39.8245296+05:30:Thread#:Scheduler: testitem #12 from normal test queue 
2020-11-30T08:12:39.8245296+05:30:Thread#0:Scheduler: considering testitem #12 for thread 0
2020-11-30T08:12:39.8295299+05:30:Thread#0:TestItem#12:testItemMatchesCurrentTestThread:UnSpecific
2020-11-30T08:12:39.8295299+05:30:Thread#0:TestItem#12:runsOnOneOtherThreadSpecific:False
2020-11-30T08:12:39.8295299+05:30:Thread#0:TestItem#12:runsOnOneOtherThreadUnspecific:False
2020-11-30T08:12:39.8295299+05:30:Thread#0:Scheduler: using testitem #12 for thread 0
2020-11-30T08:12:39.8305304+05:30:Thread#0:Scheduler: Test #12 is scheduled for thread
2020-11-30T08:12:39.8325300+05:30:Thread#0:Scheduler: with testItemExecutionIndex 0
2020-11-30T08:12:39.8365302+05:30:Thread #0: creating new test thread executor for ClassLibraryDotNetFrameWork, Version=1.0.0.0, Culture=neutral, PublicKeyToken=null (target: Default)
2020-11-30T08:12:39.8385308+05:30:Thread #0: Creating test assembly executor for execution model AppDomain
2020-11-30T08:12:39.8635333+05:30:Thread #0: Creating test assembly executor for execution model AppDomain
2020-11-30T08:12:39.8655321+05:30:Thread #0: using TechTalk.SpecRun.Framework.Execution.InProcess.InProcAppDomainTestAssemblyExecutorHost to execute tests
2020-11-30T08:12:41.5613385+05:30:Thread#0:T:-> Loading plugin C:\Users\gnaneshwar.kondapaka\Desktop\Assignments\ClassLibraryDotNetFrameWorkSolution\ClassLibraryDotNetFrameWork\bin\Debug\SpecRun.Runtime.SpecFlowPlugin.dll
2020-11-30T08:12:41.5763402+05:30:Thread#0:T:-> Using default config
2020-11-30T08:12:43.2364523+05:30:Thread#0: Test #12/0 is started on thread #0
2020-11-30T08:12:43.3044561+05:30:Thread#0:B:Given Browser is launced
2020-11-30T08:12:49.6618411+05:30:Thread#0:T:done: LoginSteps.GivenBrowserIsLaunced() (6.3s)
2020-11-30T08:12:49.6638425+05:30:Thread#0:B:And Navigated to QualityPoint Application
2020-11-30T08:12:52.3830214+05:30:Thread#0:T:error:   Exception while navigating to Qualitypoint, Exception : System.NullReferenceException: Object reference not set to an instance of an object.
2020-11-30T08:12:52.3910222+05:30:Thread#0:T:   at Utils.PublicLibrary.NavigateToQualityPoint(String environment) in C:\Users\gnaneshwar.kondapaka\Desktop\Assignments\ClassLibraryDotNetFrameWorkSolution\ClassLibraryDotNetFrameWork\Utils\PublicLibrary.cs:line 93
2020-11-30T08:12:52.3950229+05:30:Thread#0:T:   at StepDefinations.LoginSteps.GivenNavigatedToQualityPointApplication() in C:\Users\gnaneshwar.kondapaka\Desktop\Assignments\ClassLibraryDotNetFrameWorkSolution\ClassLibraryDotNetFrameWork\StepDefinations\LoginSteps.cs:line 53
2020-11-30T08:12:52.3980221+05:30:Thread#0:T:  Expected: True
2020-11-30T08:12:52.4090235+05:30:Thread#0:T:  But was:  False
2020-11-30T08:12:52.4130233+05:30:Thread#0:B:When Enter "AdminUserName" in UserName field and "AdminPassword" in Password field
2020-11-30T08:12:52.4210237+05:30:Thread#0:T:skipped because of previous errors
2020-11-30T08:12:52.4290241+05:30:Thread#0:B:And Click on login button
2020-11-30T08:12:52.4430257+05:30:Thread#0:T:skipped because of previous errors
2020-11-30T08:12:52.4480250+05:30:Thread#0:B:Then Should be Navigated to "Report" Page
2020-11-30T08:12:52.4520270+05:30:Thread#0:T:skipped because of previous errors
2020-11-30T08:12:52.4560263+05:30:Thread#0:B:And Logout from the Application
2020-11-30T08:12:52.4600270+05:30:Thread#0:T:skipped because of previous errors
2020-11-30T08:12:52.4860278+05:30:Thread#0:TestItem#12:Scheduler: reschedule tests for testitem #12
2020-11-30T08:12:52.4920290+05:30:Thread#0:Scheduler: get next test for thread 0
2020-11-30T08:12:52.4920290+05:30:Thread#:Scheduler: dequeuing a rescheduled testitem: #12
2020-11-30T08:12:52.4920290+05:30:Thread#0:Scheduler: considering testitem #12 for thread 0
2020-11-30T08:12:52.4920290+05:30:Thread#0:TestItem#12:testItemMatchesCurrentTestThread:UnSpecific
2020-11-30T08:12:52.4920290+05:30:Thread#0:TestItem#12:runsOnOneOtherThreadSpecific:False
2020-11-30T08:12:52.4920290+05:30:Thread#0:TestItem#12:runsOnOneOtherThreadUnspecific:False
2020-11-30T08:12:52.4920290+05:30:Thread#0:Scheduler: using testitem #12 for thread 0
2020-11-30T08:12:52.4920290+05:30:Thread#0:Scheduler: Test #12 is scheduled for thread
2020-11-30T08:12:52.4920290+05:30:Thread#0:Scheduler: with testItemExecutionIndex 1
2020-11-30T08:12:52.5200305+05:30:Thread#0: Test #12/0 is finished on thread #0 as Failed within 9.2825777 seconds
2020-11-30T08:12:52.5320303+05:30:Thread#0: Test #12/1 is started on thread #0
2020-11-30T08:12:52.5370319+05:30:Thread#0:B:Given Browser is launced
2020-11-30T08:12:59.0044855+05:30:Thread#0:T:done: LoginSteps.GivenBrowserIsLaunced() (6.5s)
2020-11-30T08:12:59.0094866+05:30:Thread#0:B:And Navigated to QualityPoint Application
2020-11-30T08:13:01.6876744+05:30:Thread#0:T:error: Multiple failures or warnings in test:
2020-11-30T08:13:01.6916742+05:30:Thread#0:T:  1)   Exception while navigating to Qualitypoint, Exception : System.NullReferenceException: Object reference not set to an instance of an object.
2020-11-30T08:13:01.6976754+05:30:Thread#0:T:   at Utils.PublicLibrary.NavigateToQualityPoint(String environment) in C:\Users\gnaneshwar.kondapaka\Desktop\Assignments\ClassLibraryDotNetFrameWorkSolution\ClassLibraryDotNetFrameWork\Utils\PublicLibrary.cs:line 93
2020-11-30T08:13:01.7016761+05:30:Thread#0:T:   at StepDefinations.LoginSteps.GivenNavigatedToQualityPointApplication() in C:\Users\gnaneshwar.kondapaka\Desktop\Assignments\ClassLibraryDotNetFrameWorkSolution\ClassLibraryDotNetFrameWork\StepDefinations\LoginSteps.cs:line 53
2020-11-30T08:13:01.7046753+05:30:Thread#0:T:  Expected: True
2020-11-30T08:13:01.7086769+05:30:Thread#0:T:  But was:  False
2020-11-30T08:13:01.7126762+05:30:Thread#0:T:  2)   Exception while navigating to Qualitypoint, Exception : System.NullReferenceException: Object reference not set to an instance of an object.
2020-11-30T08:13:01.7166769+05:30:Thread#0:T:   at Utils.PublicLibrary.NavigateToQualityPoint(String environment) in C:\Users\gnaneshwar.kondapaka\Desktop\Assignments\ClassLibraryDotNetFrameWorkSolution\ClassLibraryDotNetFrameWork\Utils\PublicLibrary.cs:line 93
2020-11-30T08:13:01.7206771+05:30:Thread#0:T:   at StepDefinations.LoginSteps.GivenNavigatedToQualityPointApplication() in C:\Users\gnaneshwar.kondapaka\Desktop\Assignments\ClassLibraryDotNetFrameWorkSolution\ClassLibraryDotNetFrameWork\StepDefinations\LoginSteps.cs:line 53
2020-11-30T08:13:01.7246774+05:30:Thread#0:T:  Expected: True
2020-11-30T08:13:01.7286776+05:30:Thread#0:T:  But was:  False
2020-11-30T08:13:01.7326778+05:30:Thread#0:B:When Enter "AdminUserName" in UserName field and "AdminPassword" in Password field
2020-11-30T08:13:01.7366780+05:30:Thread#0:T:skipped because of previous errors
2020-11-30T08:13:01.7426779+05:30:Thread#0:B:And Click on login button
2020-11-30T08:13:01.7466790+05:30:Thread#0:T:skipped because of previous errors
2020-11-30T08:13:01.7506793+05:30:Thread#0:B:Then Should be Navigated to "Report" Page
2020-11-30T08:13:01.7556795+05:30:Thread#0:T:skipped because of previous errors
2020-11-30T08:13:01.7616799+05:30:Thread#0:B:And Logout from the Application
2020-11-30T08:13:01.7656801+05:30:Thread#0:T:skipped because of previous errors
2020-11-30T08:13:01.7736810+05:30:Thread#0:Scheduler: get next test for thread 0
2020-11-30T08:13:01.7736810+05:30:Thread#:Scheduler: dequeuing a rescheduled testitem: #12
2020-11-30T08:13:01.7736810+05:30:Thread#0:Scheduler: considering testitem #12 for thread 0
2020-11-30T08:13:01.7736810+05:30:Thread#0:TestItem#12:testItemMatchesCurrentTestThread:UnSpecific
2020-11-30T08:13:01.7736810+05:30:Thread#0:TestItem#12:runsOnOneOtherThreadSpecific:False
2020-11-30T08:13:01.7736810+05:30:Thread#0:TestItem#12:runsOnOneOtherThreadUnspecific:False
2020-11-30T08:13:01.7736810+05:30:Thread#0:Scheduler: using testitem #12 for thread 0
2020-11-30T08:13:01.7736810+05:30:Thread#0:Scheduler: Test #12 is scheduled for thread
2020-11-30T08:13:01.7736810+05:30:Thread#0:Scheduler: with testItemExecutionIndex 2
2020-11-30T08:13:01.7786817+05:30:Thread#0: Test #12/1 is finished on thread #0 as Failed within 9.2466514 seconds
2020-11-30T08:13:01.7836815+05:30:Thread#0: Test #12/2 is started on thread #0
2020-11-30T08:13:01.7876818+05:30:Thread#0:B:Given Browser is launced
