2020-11-30T11:00:36.4998309+05:30;VSTestExecutionThread;Info;SpecFlow+Runner execution started
2020-11-30T11:00:36.4998309+05:30;VSTestExecutionThread;Info;SpecFlow+Runner 3.5.8 in Framework clr40 in x86 mode execution started
2020-11-30T11:00:36.4998309+05:30;VSTestExecutionThread;Info;TestAdapter Location: C:\Users\gnaneshwar.kondapaka\Desktop\Assignments\ClassLibraryDotNetFrameWorkSolution\packages\SpecRun.Runner.3.5.8\tools\net461\TechTalk.SpecRun.VisualStudio.TestAdapter.dll
2020-11-30T11:00:36.4998309+05:30;VSTestExecutionThread;Info;Current UserName: 'gnaneshwar.kondapaka', MachineName: 'GGK-UPL-DEV-FC'
2020-11-30T11:00:36.6128380+05:30;VSTestExecutionThread;Info;SpecRun: running tests in C:\Users\gnaneshwar.kondapaka\Desktop\Assignments\ClassLibraryDotNetFrameWorkSolution\ClassLibraryDotNetFrameWork\bin\Debug\ClassLibraryDotNetFrameWork.dll
2020-11-30T11:00:36.6128380+05:30;VSTestExecutionThread;Info;Output folder configured to "C:\Users\gnaneshwar.kondapaka\Desktop\Assignments\ClassLibraryDotNetFrameWorkSolution\TestResults" (default)
2020-11-30T11:00:36.6128380+05:30;VSTestExecutionThread;Info;Profile: 
2020-11-30T11:00:36.6968425+05:30;VSTestExecutionThread;Info;Log file path: C:\Users\gnaneshwar.kondapaka\Desktop\Assignments\ClassLibraryDotNetFrameWorkSolution\TestResults\Unnamed project__2020-11-30T110036.log
2020-11-30T11:00:36.7068429+05:30;Thread#11;Info;Checking activation
2020-11-30T11:00:36.8108496+05:30;Thread#11;Info;Activated.
2020-11-30T11:00:36.8108496+05:30;Thread#11;Info;Activation check completed
2020-11-30T11:00:36.8118492+05:30;Thread#11;Info;Starting test run
2020-11-30T11:00:36.8718527+05:30;Thread#11;Info;Discovering target: Default
2020-11-30T11:00:36.8718527+05:30;Thread#11;Info;Discovering tests from assembly: C:\Users\gnaneshwar.kondapaka\Desktop\Assignments\ClassLibraryDotNetFrameWorkSolution\ClassLibraryDotNetFrameWork\bin\Debug\ClassLibraryDotNetFrameWork.dll
2020-11-30T11:00:37.3928799+05:30;Thread#11;Info;Discovered tests from assembly: C:\Users\gnaneshwar.kondapaka\Desktop\Assignments\ClassLibraryDotNetFrameWorkSolution\ClassLibraryDotNetFrameWork\bin\Debug\ClassLibraryDotNetFrameWork.dll
2020-11-30T11:00:37.3948827+05:30:Test Suite Dump
2020-11-30T11:00:37.3958827+05:30:#0: Unnamed project/ - 
2020-11-30T11:00:37.3958827+05:30:#1: Default - 
2020-11-30T11:00:37.3958827+05:30:#2: ClassLibraryDotNetFrameWork - 
2020-11-30T11:00:37.3958827+05:30:#11: Login - 
2020-11-30T11:00:37.4678867+05:30:#12: Logging in with valid credentials - TestAssembly:ClassLibraryDotNetFrameWork/Feature:Login/Scenario:Logging+in+with+valid+credentials
2020-11-30T11:00:37.4678867+05:30:#13: Logging in with Invalid credentials - TestAssembly:ClassLibraryDotNetFrameWork/Feature:Login/Scenario:Logging+in+with+Invalid+credentials
2020-11-30T11:00:37.4678867+05:30:End: Test Suite Dump
2020-11-30T11:00:37.5068888+05:30:Thread#0:Scheduler: get next test for thread 0
2020-11-30T11:00:37.5098894+05:30:Thread#:Scheduler: testitem #12 from normal test queue 
2020-11-30T11:00:37.5098894+05:30:Thread#0:Scheduler: considering testitem #12 for thread 0
2020-11-30T11:00:37.5168892+05:30:Thread#0:TestItem#12:testItemMatchesCurrentTestThread:UnSpecific
2020-11-30T11:00:37.5168892+05:30:Thread#0:TestItem#12:runsOnOneOtherThreadSpecific:False
2020-11-30T11:00:37.5168892+05:30:Thread#0:TestItem#12:runsOnOneOtherThreadUnspecific:False
2020-11-30T11:00:37.5168892+05:30:Thread#0:Scheduler: using testitem #12 for thread 0
2020-11-30T11:00:37.5188902+05:30:Thread#0:Scheduler: Test #12 is scheduled for thread
2020-11-30T11:00:37.5198898+05:30:Thread#0:Scheduler: with testItemExecutionIndex 0
2020-11-30T11:00:37.5238900+05:30:Thread #0: creating new test thread executor for ClassLibraryDotNetFrameWork, Version=1.0.0.0, Culture=neutral, PublicKeyToken=null (target: Default)
2020-11-30T11:00:37.5258901+05:30:Thread #0: Creating test assembly executor for execution model AppDomain
2020-11-30T11:00:37.5308907+05:30:Thread #0: Creating test assembly executor for execution model AppDomain
2020-11-30T11:00:37.5318908+05:30:Thread #0: using TechTalk.SpecRun.Framework.Execution.InProcess.InProcAppDomainTestAssemblyExecutorHost to execute tests
2020-11-30T11:00:38.3299352+05:30:Thread#0:T:-> Loading plugin C:\Users\gnaneshwar.kondapaka\Desktop\Assignments\ClassLibraryDotNetFrameWorkSolution\ClassLibraryDotNetFrameWork\bin\Debug\SpecRun.Runtime.SpecFlowPlugin.dll
2020-11-30T11:00:38.3409375+05:30:Thread#0:T:-> Using default config
2020-11-30T11:00:39.5830090+05:30:Thread#0: Test #12/0 is started on thread #0
2020-11-30T11:00:39.6220102+05:30:Thread#0:B:Given Browser is launced
2020-11-30T11:00:45.6705598+05:30:Thread#0:T:done: LoginSteps.GivenBrowserIsLaunced() (6.0s)
2020-11-30T11:00:45.6725594+05:30:Thread#0:B:And Navigated to QualityPoint Application
2020-11-30T11:00:49.1352432+05:30:Thread#0:T:done: LoginSteps.GivenNavigatedToQualityPointApplication() (3.5s)
2020-11-30T11:00:49.1442441+05:30:Thread#0:B:When Enter "AdminUserName" in UserName field and "AdminPassword" in Password field
2020-11-30T11:00:49.4712625+05:30:Thread#0:T:done: LoginSteps.WhenIEnterInUserNameAndInPassword("AdminUserName", "AdminPassword") (0.3s)
2020-11-30T11:00:49.4762632+05:30:Thread#0:B:And Click on login button
2020-11-30T11:00:53.0348467+05:30:Thread#0:T:done: LoginSteps.WhenClickOnLoginButton() (3.6s)
2020-11-30T11:00:53.0388473+05:30:Thread#0:B:Then Should be Navigated to "Report" Page
2020-11-30T11:00:53.0478477+05:30:Thread#0:T:done: LoginSteps.ThenShouldBeNavigatedToPage("Report") (0.0s)
2020-11-30T11:00:53.0518479+05:30:Thread#0:B:And Logout from the Application
2020-11-30T11:00:56.4802357+05:30:Thread#0:T:done: LoginSteps.ThenLogoutFromTheApplication() (3.4s)
2020-11-30T11:00:56.5012375+05:30:Thread#0:Scheduler: get next test for thread 0
2020-11-30T11:00:56.5012375+05:30:Thread#:Scheduler: testitem #13 from normal test queue 
2020-11-30T11:00:56.5012375+05:30:Thread#0:Scheduler: considering testitem #13 for thread 0
2020-11-30T11:00:56.5012375+05:30:Thread#0:TestItem#13:testItemMatchesCurrentTestThread:UnSpecific
2020-11-30T11:00:56.5012375+05:30:Thread#0:TestItem#13:runsOnOneOtherThreadSpecific:False
2020-11-30T11:00:56.5012375+05:30:Thread#0:TestItem#13:runsOnOneOtherThreadUnspecific:False
2020-11-30T11:00:56.5012375+05:30:Thread#0:Scheduler: using testitem #13 for thread 0
2020-11-30T11:00:56.5012375+05:30:Thread#0:Scheduler: Test #13 is scheduled for thread
2020-11-30T11:00:56.5012375+05:30:Thread#0:Scheduler: with testItemExecutionIndex 0
2020-11-30T11:00:56.5202379+05:30:Thread#0: Test #12/0 is finished on thread #0 as Succeeded within 16.9352293 seconds
2020-11-30T11:00:56.5272386+05:30:Thread#0: Test #13/0 is started on thread #0
2020-11-30T11:00:56.5312388+05:30:Thread#0:B:Given Browser is launced
2020-11-30T11:01:01.1305032+05:30:Thread#0:T:done: LoginSteps.GivenBrowserIsLaunced() (4.6s)
2020-11-30T11:01:01.1345029+05:30:Thread#0:B:And Navigated to QualityPoint Application
2020-11-30T11:01:04.6669037+05:30:Thread#0:T:done: LoginSteps.GivenNavigatedToQualityPointApplication() (3.5s)
2020-11-30T11:01:04.6709047+05:30:Thread#0:B:When Enter "InCorrectUserr" in UserName field and "InCorrectPassword" in Password field
2020-11-30T11:01:06.8666570+05:30:Thread#0:T:error:   Exception while Entering username and password, Exception : System.NullReferenceException: Object reference not set to an instance of an object.
2020-11-30T11:01:06.8706576+05:30:Thread#0:T:   at StepDefinations.LoginSteps.WhenIEnterInUserNameAndInPassword(String userName, String passWord) in C:\Users\gnaneshwar.kondapaka\Desktop\Assignments\ClassLibraryDotNetFrameWorkSolution\ClassLibraryDotNetFrameWork\StepDefinations\LoginSteps.cs:line 76
2020-11-30T11:01:06.8746582+05:30:Thread#0:T:  Expected: True
2020-11-30T11:01:06.8776579+05:30:Thread#0:T:  But was:  False
2020-11-30T11:01:06.9076588+05:30:Thread#0:B:And Click on login button
2020-11-30T11:01:06.9126603+05:30:Thread#0:T:skipped because of previous errors
2020-11-30T11:01:06.9196597+05:30:Thread#0:B:Then "LoginFailedMessage" error message should be displayed in Login Page
2020-11-30T11:01:06.9236608+05:30:Thread#0:T:skipped because of previous errors
2020-11-30T11:01:06.9266596+05:30:Thread#0:B:And Close the Application
2020-11-30T11:01:06.9306606+05:30:Thread#0:T:skipped because of previous errors
2020-11-30T11:01:06.9366613+05:30:Thread#0:TestItem#13:Scheduler: reschedule tests for testitem #13
2020-11-30T11:01:06.9406620+05:30:Thread#0:Scheduler: get next test for thread 0
2020-11-30T11:01:06.9406620+05:30:Thread#:Scheduler: dequeuing a rescheduled testitem: #13
2020-11-30T11:01:06.9406620+05:30:Thread#0:Scheduler: considering testitem #13 for thread 0
2020-11-30T11:01:06.9406620+05:30:Thread#0:TestItem#13:testItemMatchesCurrentTestThread:UnSpecific
2020-11-30T11:01:06.9406620+05:30:Thread#0:TestItem#13:runsOnOneOtherThreadSpecific:False
2020-11-30T11:01:06.9406620+05:30:Thread#0:TestItem#13:runsOnOneOtherThreadUnspecific:False
2020-11-30T11:01:06.9406620+05:30:Thread#0:Scheduler: using testitem #13 for thread 0
2020-11-30T11:01:06.9406620+05:30:Thread#0:Scheduler: Test #13 is scheduled for thread
2020-11-30T11:01:06.9406620+05:30:Thread#0:Scheduler: with testItemExecutionIndex 1
2020-11-30T11:01:06.9446617+05:30:Thread#0: Test #13/0 is finished on thread #0 as Failed within 10.4174231 seconds
2020-11-30T11:01:06.9536625+05:30:Thread#0: Test #13/1 is started on thread #0
2020-11-30T11:01:06.9616624+05:30:Thread#0:B:Given Browser is launced
2020-11-30T11:01:11.6979255+05:30:Thread#0:T:done: LoginSteps.GivenBrowserIsLaunced() (4.7s)
2020-11-30T11:01:11.7019262+05:30:Thread#0:B:And Navigated to QualityPoint Application
2020-11-30T11:01:15.5108979+05:30:Thread#0:T:done: LoginSteps.GivenNavigatedToQualityPointApplication() (3.8s)
2020-11-30T11:01:15.5148976+05:30:Thread#0:B:When Enter "InCorrectUserr" in UserName field and "InCorrectPassword" in Password field
2020-11-30T11:01:17.7350257+05:30:Thread#0:T:error: Multiple failures or warnings in test:
2020-11-30T11:01:17.7380250+05:30:Thread#0:T:  1)   Exception while Entering username and password, Exception : System.NullReferenceException: Object reference not set to an instance of an object.
2020-11-30T11:01:17.7420260+05:30:Thread#0:T:   at StepDefinations.LoginSteps.WhenIEnterInUserNameAndInPassword(String userName, String passWord) in C:\Users\gnaneshwar.kondapaka\Desktop\Assignments\ClassLibraryDotNetFrameWorkSolution\ClassLibraryDotNetFrameWork\StepDefinations\LoginSteps.cs:line 76
2020-11-30T11:01:17.7460267+05:30:Thread#0:T:  Expected: True
2020-11-30T11:01:17.7490259+05:30:Thread#0:T:  But was:  False
2020-11-30T11:01:17.7540257+05:30:Thread#0:T:  2)   Exception while Entering username and password, Exception : System.NullReferenceException: Object reference not set to an instance of an object.
2020-11-30T11:01:17.7580272+05:30:Thread#0:T:   at StepDefinations.LoginSteps.WhenIEnterInUserNameAndInPassword(String userName, String passWord) in C:\Users\gnaneshwar.kondapaka\Desktop\Assignments\ClassLibraryDotNetFrameWorkSolution\ClassLibraryDotNetFrameWork\StepDefinations\LoginSteps.cs:line 76
2020-11-30T11:01:17.7620273+05:30:Thread#0:T:  Expected: True
2020-11-30T11:01:17.7650266+05:30:Thread#0:T:  But was:  False
2020-11-30T11:01:17.7690281+05:30:Thread#0:B:And Click on login button
2020-11-30T11:01:17.7730274+05:30:Thread#0:T:skipped because of previous errors
2020-11-30T11:01:17.7770280+05:30:Thread#0:B:Then "LoginFailedMessage" error message should be displayed in Login Page
2020-11-30T11:01:17.7810286+05:30:Thread#0:T:skipped because of previous errors
2020-11-30T11:01:17.7850288+05:30:Thread#0:B:And Close the Application
2020-11-30T11:01:17.7880285+05:30:Thread#0:T:skipped because of previous errors
2020-11-30T11:01:17.7960284+05:30:Thread#0:Scheduler: get next test for thread 0
2020-11-30T11:01:17.7960284+05:30:Thread#:Scheduler: dequeuing a rescheduled testitem: #13
2020-11-30T11:01:17.7960284+05:30:Thread#0:Scheduler: considering testitem #13 for thread 0
2020-11-30T11:01:17.7960284+05:30:Thread#0:TestItem#13:testItemMatchesCurrentTestThread:UnSpecific
2020-11-30T11:01:17.7960284+05:30:Thread#0:TestItem#13:runsOnOneOtherThreadSpecific:False
2020-11-30T11:01:17.7960284+05:30:Thread#0:TestItem#13:runsOnOneOtherThreadUnspecific:False
2020-11-30T11:01:17.7960284+05:30:Thread#0:Scheduler: using testitem #13 for thread 0
2020-11-30T11:01:17.7960284+05:30:Thread#0:Scheduler: Test #13 is scheduled for thread
2020-11-30T11:01:17.7960284+05:30:Thread#0:Scheduler: with testItemExecutionIndex 2
2020-11-30T11:01:17.8030291+05:30:Thread#0: Test #13/1 is finished on thread #0 as Failed within 10.8493666 seconds
2020-11-30T11:01:17.8090298+05:30:Thread#0: Test #13/2 is started on thread #0
2020-11-30T11:01:17.8130304+05:30:Thread#0:B:Given Browser is launced
2020-11-30T11:01:22.6571371+05:30:Thread#0:T:done: LoginSteps.GivenBrowserIsLaunced() (4.8s)
2020-11-30T11:01:22.6611382+05:30:Thread#0:B:And Navigated to QualityPoint Application
2020-11-30T11:01:26.1853422+05:30:Thread#0:T:done: LoginSteps.GivenNavigatedToQualityPointApplication() (3.5s)
2020-11-30T11:01:26.1893402+05:30:Thread#0:B:When Enter "InCorrectUserr" in UserName field and "InCorrectPassword" in Password field
2020-11-30T11:01:28.4264681+05:30:Thread#0:T:error: Multiple failures or warnings in test:
2020-11-30T11:01:28.4304683+05:30:Thread#0:T:  1)   Exception while Entering username and password, Exception : System.NullReferenceException: Object reference not set to an instance of an object.
2020-11-30T11:01:28.4344685+05:30:Thread#0:T:   at StepDefinations.LoginSteps.WhenIEnterInUserNameAndInPassword(String userName, String passWord) in C:\Users\gnaneshwar.kondapaka\Desktop\Assignments\ClassLibraryDotNetFrameWorkSolution\ClassLibraryDotNetFrameWork\StepDefinations\LoginSteps.cs:line 76
2020-11-30T11:01:28.4374682+05:30:Thread#0:T:  Expected: True
2020-11-30T11:01:28.4414692+05:30:Thread#0:T:  But was:  False
2020-11-30T11:01:28.4454694+05:30:Thread#0:T:  2)   Exception while Entering username and password, Exception : System.NullReferenceException: Object reference not set to an instance of an object.
2020-11-30T11:01:28.4484691+05:30:Thread#0:T:   at StepDefinations.LoginSteps.WhenIEnterInUserNameAndInPassword(String userName, String passWord) in C:\Users\gnaneshwar.kondapaka\Desktop\Assignments\ClassLibraryDotNetFrameWorkSolution\ClassLibraryDotNetFrameWork\StepDefinations\LoginSteps.cs:line 76
2020-11-30T11:01:28.4534693+05:30:Thread#0:T:  Expected: True
2020-11-30T11:01:28.4574703+05:30:Thread#0:T:  But was:  False
2020-11-30T11:01:28.4604700+05:30:Thread#0:T:  3)   Exception while Entering username and password, Exception : System.NullReferenceException: Object reference not set to an instance of an object.
2020-11-30T11:01:28.4644706+05:30:Thread#0:T:   at StepDefinations.LoginSteps.WhenIEnterInUserNameAndInPassword(String userName, String passWord) in C:\Users\gnaneshwar.kondapaka\Desktop\Assignments\ClassLibraryDotNetFrameWorkSolution\ClassLibraryDotNetFrameWork\StepDefinations\LoginSteps.cs:line 76
2020-11-30T11:01:28.4684713+05:30:Thread#0:T:  Expected: True
2020-11-30T11:01:28.4714701+05:30:Thread#0:T:  But was:  False
2020-11-30T11:01:28.4754716+05:30:Thread#0:B:And Click on login button
2020-11-30T11:01:28.4794717+05:30:Thread#0:T:skipped because of previous errors
2020-11-30T11:01:28.4824710+05:30:Thread#0:B:Then "LoginFailedMessage" error message should be displayed in Login Page
2020-11-30T11:01:28.4864725+05:30:Thread#0:T:skipped because of previous errors
2020-11-30T11:01:28.4904722+05:30:Thread#0:B:And Close the Application
2020-11-30T11:01:28.4934723+05:30:Thread#0:T:skipped because of previous errors
2020-11-30T11:01:28.5014709+05:30:Thread#0:Scheduler: get next test for thread 0
2020-11-30T11:01:28.5014709+05:30:Thread#:Scheduler: at the end of normal test queue
2020-11-30T11:01:28.5014709+05:30:Thread#0:Scheduler: enumerator for thread is at end
2020-11-30T11:01:28.5014709+05:30:Thread#0:Scheduler: No more tests for thread
2020-11-30T11:01:28.5064724+05:30:Thread#0: Test #13/2 is finished on thread #0 as Failed within 10.6974426 seconds
2020-11-30T11:01:36.9769589+05:30:Trying to cancel thread
2020-11-30T11:01:36.9769589+05:30:Thread cancelled
2020-11-30T11:01:36.9849593+05:30:Thread#-1:Scheduler: get next test for thread -1
2020-11-30T11:01:36.9849593+05:30:Thread#:Scheduler: at the end of normal test queue
2020-11-30T11:01:36.9849593+05:30:Thread#-1:Scheduler: enumerator for thread is at end
2020-11-30T11:01:36.9959597+05:30;Thread#11;Info;test run finished
2020-11-30T11:01:36.9969589+05:30;Thread#11;Info;publishing test results
2020-11-30T11:01:37.0059606+05:30;Thread#11;Info;test results published
2020-11-30T11:01:37.0059606+05:30;Thread#11;Info;generating reports
2020-11-30T11:01:37.1609699+05:30;Thread#11;Info;Starting external report generation process
2020-11-30T11:01:39.9231280+05:30;Thread#11;Info;Successfully generated reports.
2020-11-30T11:01:39.9311292+05:30;Thread#11;Info;Successfully generated reports
2020-11-30T11:01:39.9481290+05:30:Total: 2 (test executions: 4)
2020-11-30T11:01:39.9501291+05:30:Succeeded: 1
2020-11-30T11:01:39.9501291+05:30:Ignored: 0
2020-11-30T11:01:39.9511296+05:30:Pending: 0
2020-11-30T11:01:39.9511296+05:30:Skipped: 0
2020-11-30T11:01:39.9511296+05:30:Failed: 1
2020-11-30T11:01:39.9651302+05:30;VSTestExecutionThread;Info;Adding attachments to VSTest
2020-11-30T11:01:39.9651302+05:30;VSTestExecutionThread;Info;adding Test Execution Report 'C:\Users\gnaneshwar.kondapaka\Desktop\Assignments\ClassLibraryDotNetFrameWorkSolution\TestResults\Unnamed project__2020-11-30T110036.html'
========== End of log file ==========
