2020-11-30T09:55:58.5370996+05:30;VSTestExecutionThread;Info;SpecFlow+Runner execution started
2020-11-30T09:55:58.5370996+05:30;VSTestExecutionThread;Info;SpecFlow+Runner 3.5.8 in Framework clr40 in x86 mode execution started
2020-11-30T09:55:58.5370996+05:30;VSTestExecutionThread;Info;TestAdapter Location: C:\Users\gnaneshwar.kondapaka\Desktop\Assignments\ClassLibraryDotNetFrameWorkSolution\packages\SpecRun.Runner.3.5.8\tools\net461\TechTalk.SpecRun.VisualStudio.TestAdapter.dll
2020-11-30T09:55:58.5370996+05:30;VSTestExecutionThread;Info;Current UserName: 'gnaneshwar.kondapaka', MachineName: 'GGK-UPL-DEV-FC'
2020-11-30T09:55:58.6681079+05:30;VSTestExecutionThread;Info;SpecRun: running tests in C:\Users\gnaneshwar.kondapaka\Desktop\Assignments\ClassLibraryDotNetFrameWorkSolution\ClassLibraryDotNetFrameWork\bin\Debug\ClassLibraryDotNetFrameWork.dll
2020-11-30T09:55:58.6681079+05:30;VSTestExecutionThread;Info;Output folder configured to "C:\Users\gnaneshwar.kondapaka\Desktop\Assignments\ClassLibraryDotNetFrameWorkSolution\TestResults" (default)
2020-11-30T09:55:58.6691075+05:30;VSTestExecutionThread;Info;Profile: 
2020-11-30T09:55:58.7651134+05:30;VSTestExecutionThread;Info;Log file path: C:\Users\gnaneshwar.kondapaka\Desktop\Assignments\ClassLibraryDotNetFrameWorkSolution\TestResults\Unnamed project__2020-11-30T095558.log
2020-11-30T09:55:58.7821141+05:30;Thread#11;Info;Checking activation
2020-11-30T09:55:58.8971209+05:30;Thread#11;Info;Activated.
2020-11-30T09:55:58.8981209+05:30;Thread#11;Info;Activation check completed
2020-11-30T09:55:58.8981209+05:30;Thread#11;Info;Starting test run
2020-11-30T09:55:59.1111331+05:30;Thread#11;Info;Discovering target: Default
2020-11-30T09:55:59.1121332+05:30;Thread#11;Info;Discovering tests from assembly: C:\Users\gnaneshwar.kondapaka\Desktop\Assignments\ClassLibraryDotNetFrameWorkSolution\ClassLibraryDotNetFrameWork\bin\Debug\ClassLibraryDotNetFrameWork.dll
2020-11-30T09:55:59.7601703+05:30;Thread#11;Info;Discovered tests from assembly: C:\Users\gnaneshwar.kondapaka\Desktop\Assignments\ClassLibraryDotNetFrameWorkSolution\ClassLibraryDotNetFrameWork\bin\Debug\ClassLibraryDotNetFrameWork.dll
2020-11-30T09:55:59.7651714+05:30:Test Suite Dump
2020-11-30T09:55:59.7671720+05:30:#0: Unnamed project/ - 
2020-11-30T09:55:59.7671720+05:30:#1: Default - 
2020-11-30T09:55:59.7671720+05:30:#2: ClassLibraryDotNetFrameWork - 
2020-11-30T09:55:59.7671720+05:30:#11: Login - 
2020-11-30T09:55:59.8201751+05:30:#12: Logging in with valid credentials - TestAssembly:ClassLibraryDotNetFrameWork/Feature:Login/Scenario:Logging+in+with+valid+credentials
2020-11-30T09:55:59.8201751+05:30:#13: Logging in with Invalid credentials - TestAssembly:ClassLibraryDotNetFrameWork/Feature:Login/Scenario:Logging+in+with+Invalid+credentials
2020-11-30T09:55:59.8201751+05:30:End: Test Suite Dump
2020-11-30T09:55:59.9041801+05:30:Thread#0:Scheduler: get next test for thread 0
2020-11-30T09:55:59.9071802+05:30:Thread#:Scheduler: testitem #12 from normal test queue 
2020-11-30T09:55:59.9071802+05:30:Thread#0:Scheduler: considering testitem #12 for thread 0
2020-11-30T09:55:59.9131800+05:30:Thread#0:TestItem#12:testItemMatchesCurrentTestThread:UnSpecific
2020-11-30T09:55:59.9131800+05:30:Thread#0:TestItem#12:runsOnOneOtherThreadSpecific:False
2020-11-30T09:55:59.9131800+05:30:Thread#0:TestItem#12:runsOnOneOtherThreadUnspecific:False
2020-11-30T09:55:59.9131800+05:30:Thread#0:Scheduler: using testitem #12 for thread 0
2020-11-30T09:55:59.9191798+05:30:Thread#0:Scheduler: Test #12 is scheduled for thread
2020-11-30T09:55:59.9201799+05:30:Thread#0:Scheduler: with testItemExecutionIndex 0
2020-11-30T09:55:59.9241800+05:30:Thread #0: creating new test thread executor for ClassLibraryDotNetFrameWork, Version=1.0.0.0, Culture=neutral, PublicKeyToken=null (target: Default)
2020-11-30T09:55:59.9281802+05:30:Thread #0: Creating test assembly executor for execution model AppDomain
2020-11-30T09:55:59.9321804+05:30:Thread #0: Creating test assembly executor for execution model AppDomain
2020-11-30T09:55:59.9341809+05:30:Thread #0: using TechTalk.SpecRun.Framework.Execution.InProcess.InProcAppDomainTestAssemblyExecutorHost to execute tests
2020-11-30T09:56:00.6412206+05:30:Thread#0:T:-> Loading plugin C:\Users\gnaneshwar.kondapaka\Desktop\Assignments\ClassLibraryDotNetFrameWorkSolution\ClassLibraryDotNetFrameWork\bin\Debug\SpecRun.Runtime.SpecFlowPlugin.dll
2020-11-30T09:56:00.6582222+05:30:Thread#0:T:-> Using default config
2020-11-30T09:56:01.9962982+05:30:Thread#0: Test #12/0 is started on thread #0
2020-11-30T09:56:02.0403010+05:30:Thread#0:B:Given Browser is launced
2020-11-30T09:56:08.6606834+05:30:Thread#0:T:done: LoginSteps.GivenBrowserIsLaunced() (6.6s)
2020-11-30T09:56:08.6636853+05:30:Thread#0:B:And Navigated to QualityPoint Application
2020-11-30T09:56:12.2588997+05:30:Thread#0:T:done: LoginSteps.GivenNavigatedToQualityPointApplication() (3.6s)
2020-11-30T09:56:12.2679014+05:30:Thread#0:B:When Enter "AdminUserName" in UserName field and "AdminPassword" in Password field
2020-11-30T09:56:12.6749229+05:30:Thread#0:T:done: LoginSteps.WhenIEnterInUserNameAndInPassword("AdminUserName", "AdminPassword") (0.4s)
2020-11-30T09:56:12.6799249+05:30:Thread#0:B:And Click on login button
2020-11-30T09:56:15.9431115+05:30:Thread#0:T:done: LoginSteps.WhenClickOnLoginButton() (3.3s)
2020-11-30T09:56:15.9481122+05:30:Thread#0:B:Then Should be Navigated to "Report" Page
2020-11-30T09:56:15.9641133+05:30:Thread#0:T:done: LoginSteps.ThenShouldBeNavigatedToPage("Report") (0.0s)
2020-11-30T09:56:15.9681130+05:30:Thread#0:B:And Logout from the Application
2020-11-30T09:56:24.4245993+05:30:Thread#0:T:done: LoginSteps.ThenLogoutFromTheApplication() (8.5s)
2020-11-30T09:56:24.4566020+05:30:Thread#0:Scheduler: get next test for thread 0
2020-11-30T09:56:24.4566020+05:30:Thread#:Scheduler: testitem #13 from normal test queue 
2020-11-30T09:56:24.4566020+05:30:Thread#0:Scheduler: considering testitem #13 for thread 0
2020-11-30T09:56:24.4566020+05:30:Thread#0:TestItem#13:testItemMatchesCurrentTestThread:UnSpecific
2020-11-30T09:56:24.4566020+05:30:Thread#0:TestItem#13:runsOnOneOtherThreadSpecific:False
2020-11-30T09:56:24.4566020+05:30:Thread#0:TestItem#13:runsOnOneOtherThreadUnspecific:False
2020-11-30T09:56:24.4566020+05:30:Thread#0:Scheduler: using testitem #13 for thread 0
2020-11-30T09:56:24.4566020+05:30:Thread#0:Scheduler: Test #13 is scheduled for thread
2020-11-30T09:56:24.4566020+05:30:Thread#0:Scheduler: with testItemExecutionIndex 0
2020-11-30T09:56:24.4866024+05:30:Thread#0: Test #12/0 is finished on thread #0 as Succeeded within 22.4893037 seconds
2020-11-30T09:56:24.4936032+05:30:Thread#0: Test #13/0 is started on thread #0
2020-11-30T09:56:24.5066028+05:30:Thread#0:B:Given Browser is launced
2020-11-30T09:56:30.3079379+05:30:Thread#0:T:done: LoginSteps.GivenBrowserIsLaunced() (5.8s)
2020-11-30T09:56:30.3139382+05:30:Thread#0:B:And Navigated to QualityPoint Application
2020-11-30T09:56:34.1709914+05:30:Thread#0:T:done: LoginSteps.GivenNavigatedToQualityPointApplication() (3.9s)
2020-11-30T09:56:34.1749925+05:30:Thread#0:B:When Enter "InCorrectUserr" in UserName field and "InCorrectPassword" in Password field
2020-11-30T09:56:36.4058765+05:30:Thread#0:T:error:   Exception while Entering username and password, Exception : System.NullReferenceException: Object reference not set to an instance of an object.
2020-11-30T09:56:36.4098767+05:30:Thread#0:T:   at StepDefinations.LoginSteps.WhenIEnterInUserNameAndInPassword(String userName, String passWord) in C:\Users\gnaneshwar.kondapaka\Desktop\Assignments\ClassLibraryDotNetFrameWorkSolution\ClassLibraryDotNetFrameWork\StepDefinations\LoginSteps.cs:line 76
2020-11-30T09:56:36.4138773+05:30:Thread#0:T:  Expected: True
2020-11-30T09:56:36.4168770+05:30:Thread#0:T:  But was:  False
2020-11-30T09:56:36.4248773+05:30:Thread#0:B:And Click on login button
2020-11-30T09:56:36.4298785+05:30:Thread#0:T:skipped because of previous errors
2020-11-30T09:56:36.4368783+05:30:Thread#0:B:Then "LoginFailedMessage" error message should be displayed in Login Page
2020-11-30T09:56:36.4408789+05:30:Thread#0:T:skipped because of previous errors
2020-11-30T09:56:36.4448795+05:30:Thread#0:B:And Close the Application
2020-11-30T09:56:36.4478788+05:30:Thread#0:T:skipped because of previous errors
2020-11-30T09:56:36.4588797+05:30:Thread#0:TestItem#13:Scheduler: reschedule tests for testitem #13
2020-11-30T09:56:36.4618798+05:30:Thread#0:Scheduler: get next test for thread 0
2020-11-30T09:56:36.4618798+05:30:Thread#:Scheduler: dequeuing a rescheduled testitem: #13
2020-11-30T09:56:36.4618798+05:30:Thread#0:Scheduler: considering testitem #13 for thread 0
2020-11-30T09:56:36.4618798+05:30:Thread#0:TestItem#13:testItemMatchesCurrentTestThread:UnSpecific
2020-11-30T09:56:36.4618798+05:30:Thread#0:TestItem#13:runsOnOneOtherThreadSpecific:False
2020-11-30T09:56:36.4618798+05:30:Thread#0:TestItem#13:runsOnOneOtherThreadUnspecific:False
2020-11-30T09:56:36.4618798+05:30:Thread#0:Scheduler: using testitem #13 for thread 0
2020-11-30T09:56:36.4618798+05:30:Thread#0:Scheduler: Test #13 is scheduled for thread
2020-11-30T09:56:36.4618798+05:30:Thread#0:Scheduler: with testItemExecutionIndex 1
2020-11-30T09:56:36.4668805+05:30:Thread#0: Test #13/0 is finished on thread #0 as Failed within 11.9732773 seconds
2020-11-30T09:56:36.4728807+05:30:Thread#0: Test #13/1 is started on thread #0
2020-11-30T09:56:36.4768809+05:30:Thread#0:B:Given Browser is launced
2020-11-30T09:56:46.6403511+05:30:Thread#0:T:done: LoginSteps.GivenBrowserIsLaunced() (10.2s)
2020-11-30T09:56:46.6493524+05:30:Thread#0:B:And Navigated to QualityPoint Application
2020-11-30T09:56:54.7890893+05:30:Thread#0:T:error: chrome not reachable
2020-11-30T09:56:54.7930904+05:30:Thread#0:T:  (Session info: chrome=87.0.4280.66)
2020-11-30T09:56:54.7970910+05:30:Thread#0:B:When Enter "InCorrectUserr" in UserName field and "InCorrectPassword" in Password field
2020-11-30T09:56:54.8000902+05:30:Thread#0:T:skipped because of previous errors
2020-11-30T09:56:54.8040913+05:30:Thread#0:B:And Click on login button
2020-11-30T09:56:54.8080910+05:30:Thread#0:T:skipped because of previous errors
2020-11-30T09:56:54.8110907+05:30:Thread#0:B:Then "LoginFailedMessage" error message should be displayed in Login Page
2020-11-30T09:56:54.8150917+05:30:Thread#0:T:skipped because of previous errors
2020-11-30T09:56:54.8200915+05:30:Thread#0:B:And Close the Application
2020-11-30T09:56:54.8240921+05:30:Thread#0:T:skipped because of previous errors
2020-11-30T09:56:54.8320920+05:30:Thread#0:Scheduler: get next test for thread 0
2020-11-30T09:56:54.8320920+05:30:Thread#:Scheduler: dequeuing a rescheduled testitem: #13
2020-11-30T09:56:54.8320920+05:30:Thread#0:Scheduler: considering testitem #13 for thread 0
2020-11-30T09:56:54.8320920+05:30:Thread#0:TestItem#13:testItemMatchesCurrentTestThread:UnSpecific
2020-11-30T09:56:54.8320920+05:30:Thread#0:TestItem#13:runsOnOneOtherThreadSpecific:False
2020-11-30T09:56:54.8320920+05:30:Thread#0:TestItem#13:runsOnOneOtherThreadUnspecific:False
2020-11-30T09:56:54.8320920+05:30:Thread#0:Scheduler: using testitem #13 for thread 0
2020-11-30T09:56:54.8320920+05:30:Thread#0:Scheduler: Test #13 is scheduled for thread
2020-11-30T09:56:54.8320920+05:30:Thread#0:Scheduler: with testItemExecutionIndex 2
2020-11-30T09:56:54.8360922+05:30:Thread#0: Test #13/1 is finished on thread #0 as Failed within 18.3632115 seconds
2020-11-30T09:56:54.8410920+05:30:Thread#0: Test #13/2 is started on thread #0
2020-11-30T09:56:54.8450930+05:30:Thread#0:B:Given Browser is launced
2020-11-30T09:57:02.7050085+05:30:Thread#0:T:done: LoginSteps.GivenBrowserIsLaunced() (7.9s)
2020-11-30T09:57:02.7090091+05:30:Thread#0:B:And Navigated to QualityPoint Application
2020-11-30T09:57:08.2753274+05:30:Thread#0:T:done: LoginSteps.GivenNavigatedToQualityPointApplication() (5.6s)
2020-11-30T09:57:08.2803290+05:30:Thread#0:B:When Enter "InCorrectUserr" in UserName field and "InCorrectPassword" in Password field
2020-11-30T09:57:10.1404350+05:30:Thread#0:T:error: Multiple failures or warnings in test:
2020-11-30T09:57:10.1444365+05:30:Thread#0:T:  1)   Exception while Entering username and password, Exception : System.NullReferenceException: Object reference not set to an instance of an object.
2020-11-30T09:57:10.1484358+05:30:Thread#0:T:   at StepDefinations.LoginSteps.WhenIEnterInUserNameAndInPassword(String userName, String passWord) in C:\Users\gnaneshwar.kondapaka\Desktop\Assignments\ClassLibraryDotNetFrameWorkSolution\ClassLibraryDotNetFrameWork\StepDefinations\LoginSteps.cs:line 76
2020-11-30T09:57:10.1514350+05:30:Thread#0:T:  Expected: True
2020-11-30T09:57:10.1554361+05:30:Thread#0:T:  But was:  False
2020-11-30T09:57:10.1594363+05:30:Thread#0:T:  2)   Exception while Entering username and password, Exception : System.NullReferenceException: Object reference not set to an instance of an object.
2020-11-30T09:57:10.1634369+05:30:Thread#0:T:   at StepDefinations.LoginSteps.WhenIEnterInUserNameAndInPassword(String userName, String passWord) in C:\Users\gnaneshwar.kondapaka\Desktop\Assignments\ClassLibraryDotNetFrameWorkSolution\ClassLibraryDotNetFrameWork\StepDefinations\LoginSteps.cs:line 76
2020-11-30T09:57:10.1674370+05:30:Thread#0:T:  Expected: True
2020-11-30T09:57:10.1704363+05:30:Thread#0:T:  But was:  False
2020-11-30T09:57:10.1744373+05:30:Thread#0:B:And Click on login button
2020-11-30T09:57:10.1784375+05:30:Thread#0:T:skipped because of previous errors
2020-11-30T09:57:10.1824448+05:30:Thread#0:B:Then "LoginFailedMessage" error message should be displayed in Login Page
2020-11-30T09:57:10.1854374+05:30:Thread#0:T:skipped because of previous errors
2020-11-30T09:57:10.1894375+05:30:Thread#0:B:And Close the Application
2020-11-30T09:57:10.1934382+05:30:Thread#0:T:skipped because of previous errors
2020-11-30T09:57:10.2014385+05:30:Thread#0:Scheduler: get next test for thread 0
2020-11-30T09:57:10.2014385+05:30:Thread#:Scheduler: at the end of normal test queue
2020-11-30T09:57:10.2014385+05:30:Thread#0:Scheduler: enumerator for thread is at end
2020-11-30T09:57:10.2014385+05:30:Thread#0:Scheduler: No more tests for thread
2020-11-30T09:57:10.2064387+05:30:Thread#0: Test #13/2 is finished on thread #0 as Failed within 15.3653467 seconds
2020-11-30T09:57:18.4619124+05:30:Trying to cancel thread
2020-11-30T09:57:18.4619124+05:30:Thread cancelled
2020-11-30T09:57:18.4699127+05:30:Thread#-1:Scheduler: get next test for thread -1
2020-11-30T09:57:18.4699127+05:30:Thread#:Scheduler: at the end of normal test queue
2020-11-30T09:57:18.4699127+05:30:Thread#-1:Scheduler: enumerator for thread is at end
2020-11-30T09:57:18.4779131+05:30;Thread#11;Info;test run finished
2020-11-30T09:57:18.4789131+05:30;Thread#11;Info;publishing test results
2020-11-30T09:57:18.4919141+05:30;Thread#11;Info;test results published
2020-11-30T09:57:18.4919141+05:30;Thread#11;Info;generating reports
2020-11-30T09:57:18.6539238+05:30;Thread#11;Info;Starting external report generation process
2020-11-30T09:57:21.5700902+05:30;Thread#11;Info;Successfully generated reports.
2020-11-30T09:57:21.5790910+05:30;Thread#11;Info;Successfully generated reports
2020-11-30T09:57:21.5950921+05:30:Total: 2 (test executions: 4)
2020-11-30T09:57:21.5970927+05:30:Succeeded: 1
2020-11-30T09:57:21.5980923+05:30:Ignored: 0
2020-11-30T09:57:21.5980923+05:30:Pending: 0
2020-11-30T09:57:21.5980923+05:30:Skipped: 0
2020-11-30T09:57:21.5990923+05:30:Failed: 1
2020-11-30T09:57:21.6120933+05:30;VSTestExecutionThread;Info;Adding attachments to VSTest
2020-11-30T09:57:21.6120933+05:30;VSTestExecutionThread;Info;adding Test Execution Report 'C:\Users\gnaneshwar.kondapaka\Desktop\Assignments\ClassLibraryDotNetFrameWorkSolution\TestResults\Unnamed project__2020-11-30T095558.html'
========== End of log file ==========
